{"/home/travis/build/npmtest/node-npmtest-phantom/test.js":{"path":"/home/travis/build/npmtest/node-npmtest-phantom/test.js","s":{"1":2,"2":2,"3":2,"4":2,"5":2,"6":2,"7":2,"8":1,"9":2,"10":2,"11":1,"12":1,"13":1,"14":1,"15":2,"16":2,"17":2,"18":2,"19":1,"20":1,"21":2,"22":2,"23":2,"24":1,"25":1,"26":1,"27":1,"28":1,"29":1,"30":1,"31":1,"32":1,"33":1,"34":1,"35":1,"36":1,"37":1,"38":1,"39":2,"40":2,"41":1,"42":2,"43":2,"44":1,"45":2,"46":2,"47":1,"48":2,"49":2,"50":1,"51":1,"52":1,"53":1,"54":1},"b":{"1":[2,1,1,1],"2":[1,1,1,1],"3":[1,1],"4":[1,1],"5":[1,1],"6":[1,1],"7":[1,1],"8":[1,1],"9":[1,1],"10":[1,1,1],"11":[1,1],"12":[1,1],"13":[1,1],"14":[1,1],"15":[1,1],"16":[1,1],"17":[1,1]},"f":{"1":2,"2":2,"3":2,"4":2,"5":2,"6":1,"7":1,"8":1,"9":2,"10":2,"11":2,"12":2,"13":1},"fnMap":{"1":{"name":"(anonymous_1)","line":12,"loc":{"start":{"line":12,"column":1},"end":{"line":12,"column":13}}},"2":{"name":"(anonymous_2)","line":19,"loc":{"start":{"line":19,"column":5},"end":{"line":19,"column":17}}},"3":{"name":"(anonymous_3)","line":23,"loc":{"start":{"line":23,"column":24},"end":{"line":23,"column":36}}},"4":{"name":"(anonymous_4)","line":61,"loc":{"start":{"line":61,"column":5},"end":{"line":61,"column":17}}},"5":{"name":"(anonymous_5)","line":82,"loc":{"start":{"line":82,"column":5},"end":{"line":82,"column":17}}},"6":{"name":"(anonymous_6)","line":91,"loc":{"start":{"line":91,"column":77},"end":{"line":94,"column":10}}},"7":{"name":"(anonymous_7)","line":112,"loc":{"start":{"line":112,"column":83},"end":{"line":115,"column":10}},"skip":true},"8":{"name":"(anonymous_8)","line":123,"loc":{"start":{"line":123,"column":77},"end":{"line":126,"column":10}},"skip":true},"9":{"name":"(anonymous_9)","line":139,"loc":{"start":{"line":139,"column":12},"end":{"line":139,"column":40}},"skip":true},"10":{"name":"(anonymous_10)","line":147,"loc":{"start":{"line":147,"column":77},"end":{"line":150,"column":10}},"skip":true},"11":{"name":"(anonymous_11)","line":158,"loc":{"start":{"line":158,"column":83},"end":{"line":161,"column":10}},"skip":true},"12":{"name":"(anonymous_12)","line":169,"loc":{"start":{"line":169,"column":79},"end":{"line":172,"column":10}},"skip":true},"13":{"name":"(anonymous_13)","line":180,"loc":{"start":{"line":180,"column":75},"end":{"line":183,"column":10}},"skip":true}},"statementMap":{"1":{"start":{"line":12,"column":0},"end":{"line":195,"column":5}},"2":{"start":{"line":14,"column":4},"end":{"line":14,"column":14}},"3":{"start":{"line":19,"column":4},"end":{"line":56,"column":9}},"4":{"start":{"line":21,"column":8},"end":{"line":21,"column":19}},"5":{"start":{"line":23,"column":8},"end":{"line":35,"column":13}},"6":{"start":{"line":24,"column":12},"end":{"line":34,"column":13}},"7":{"start":{"line":25,"column":16},"end":{"line":28,"column":30}},"8":{"start":{"line":30,"column":16},"end":{"line":33,"column":27}},"9":{"start":{"line":37,"column":8},"end":{"line":39,"column":21}},"10":{"start":{"line":40,"column":8},"end":{"line":53,"column":9}},"11":{"start":{"line":43,"column":12},"end":{"line":46,"column":14}},"12":{"start":{"line":47,"column":12},"end":{"line":47,"column":18}},"13":{"start":{"line":50,"column":12},"end":{"line":51,"column":33}},"14":{"start":{"line":52,"column":12},"end":{"line":52,"column":18}},"15":{"start":{"line":55,"column":8},"end":{"line":55,"column":35}},"16":{"start":{"line":61,"column":4},"end":{"line":63,"column":9}},"17":{"start":{"line":62,"column":8},"end":{"line":62,"column":15}},"18":{"start":{"line":64,"column":4},"end":{"line":77,"column":5}},"19":{"start":{"line":70,"column":8},"end":{"line":70,"column":14}},"20":{"start":{"line":76,"column":8},"end":{"line":76,"column":14}},"21":{"start":{"line":82,"column":4},"end":{"line":84,"column":9}},"22":{"start":{"line":83,"column":8},"end":{"line":83,"column":15}},"23":{"start":{"line":85,"column":4},"end":{"line":194,"column":5}},"24":{"start":{"line":91,"column":8},"end":{"line":99,"column":10}},"25":{"start":{"line":98,"column":12},"end":{"line":98,"column":35}},"26":{"start":{"line":102,"column":8},"end":{"line":104,"column":63}},"27":{"start":{"line":105,"column":8},"end":{"line":105,"column":14}},"28":{"start":{"line":112,"column":8},"end":{"line":121,"column":10},"skip":true},"29":{"start":{"line":119,"column":12},"end":{"line":119,"column":55},"skip":true},"30":{"start":{"line":120,"column":12},"end":{"line":120,"column":48},"skip":true},"31":{"start":{"line":123,"column":8},"end":{"line":136,"column":10},"skip":true},"32":{"start":{"line":130,"column":12},"end":{"line":130,"column":76},"skip":true},"33":{"start":{"line":131,"column":12},"end":{"line":131,"column":73},"skip":true},"34":{"start":{"line":132,"column":12},"end":{"line":132,"column":74},"skip":true},"35":{"start":{"line":133,"column":12},"end":{"line":133,"column":79},"skip":true},"36":{"start":{"line":134,"column":12},"end":{"line":134,"column":25},"skip":true},"37":{"start":{"line":135,"column":12},"end":{"line":135,"column":45},"skip":true},"38":{"start":{"line":138,"column":8},"end":{"line":145,"column":14},"skip":true},"39":{"start":{"line":143,"column":16},"end":{"line":143,"column":29},"skip":true},"40":{"start":{"line":144,"column":16},"end":{"line":144,"column":55},"skip":true},"41":{"start":{"line":147,"column":8},"end":{"line":156,"column":10},"skip":true},"42":{"start":{"line":154,"column":12},"end":{"line":154,"column":25},"skip":true},"43":{"start":{"line":155,"column":12},"end":{"line":155,"column":45},"skip":true},"44":{"start":{"line":158,"column":8},"end":{"line":167,"column":10},"skip":true},"45":{"start":{"line":165,"column":12},"end":{"line":165,"column":25},"skip":true},"46":{"start":{"line":166,"column":12},"end":{"line":166,"column":48},"skip":true},"47":{"start":{"line":169,"column":8},"end":{"line":178,"column":10},"skip":true},"48":{"start":{"line":176,"column":12},"end":{"line":176,"column":25},"skip":true},"49":{"start":{"line":177,"column":12},"end":{"line":177,"column":46},"skip":true},"50":{"start":{"line":180,"column":8},"end":{"line":189,"column":10},"skip":true},"51":{"start":{"line":187,"column":12},"end":{"line":187,"column":94},"skip":true},"52":{"start":{"line":188,"column":12},"end":{"line":188,"column":48},"skip":true},"53":{"start":{"line":192,"column":8},"end":{"line":192,"column":35},"skip":true},"54":{"start":{"line":193,"column":8},"end":{"line":193,"column":14},"skip":true}},"branchMap":{"1":{"line":25,"type":"binary-expr","locations":[{"start":{"line":25,"column":23},"end":{"line":25,"column":62}},{"start":{"line":26,"column":20},"end":{"line":26,"column":70}},{"start":{"line":27,"column":20},"end":{"line":27,"column":71}},{"start":{"line":28,"column":20},"end":{"line":28,"column":29}}]},"2":{"line":30,"type":"binary-expr","locations":[{"start":{"line":30,"column":23},"end":{"line":30,"column":37}},{"start":{"line":31,"column":20},"end":{"line":31,"column":61}},{"start":{"line":32,"column":20},"end":{"line":32,"column":70}},{"start":{"line":33,"column":20},"end":{"line":33,"column":26}}]},"3":{"line":37,"type":"cond-expr","locations":[{"start":{"line":38,"column":14},"end":{"line":38,"column":20}},{"start":{"line":39,"column":14},"end":{"line":39,"column":20}}]},"4":{"line":40,"type":"switch","locations":[{"start":{"line":42,"column":8},"end":{"line":47,"column":18}},{"start":{"line":49,"column":8},"end":{"line":52,"column":18}}]},"5":{"line":44,"type":"binary-expr","locations":[{"start":{"line":44,"column":16},"end":{"line":44,"column":44}},{"start":{"line":44,"column":48},"end":{"line":44,"column":66}}]},"6":{"line":50,"type":"binary-expr","locations":[{"start":{"line":50,"column":21},"end":{"line":50,"column":49}},{"start":{"line":50,"column":53},"end":{"line":50,"column":72}}]},"7":{"line":64,"type":"switch","locations":[{"start":{"line":69,"column":4},"end":{"line":70,"column":14}},{"start":{"line":75,"column":4},"end":{"line":76,"column":14}}]},"8":{"line":85,"type":"switch","locations":[{"start":{"line":90,"column":4},"end":{"line":105,"column":14}},{"start":{"line":111,"column":4},"end":{"line":193,"column":14},"skip":true}]},"9":{"line":91,"type":"binary-expr","locations":[{"start":{"line":91,"column":42},"end":{"line":91,"column":73}},{"start":{"line":91,"column":77},"end":{"line":99,"column":9}}]},"10":{"line":102,"type":"binary-expr","locations":[{"start":{"line":102,"column":18},"end":{"line":102,"column":32}},{"start":{"line":103,"column":12},"end":{"line":103,"column":53}},{"start":{"line":104,"column":12},"end":{"line":104,"column":61}}]},"11":{"line":112,"type":"binary-expr","locations":[{"start":{"line":112,"column":45},"end":{"line":112,"column":79},"skip":true},{"start":{"line":112,"column":83},"end":{"line":121,"column":9},"skip":true}]},"12":{"line":123,"type":"binary-expr","locations":[{"start":{"line":123,"column":42},"end":{"line":123,"column":73},"skip":true},{"start":{"line":123,"column":77},"end":{"line":136,"column":9},"skip":true}]},"13":{"line":138,"type":"binary-expr","locations":[{"start":{"line":138,"column":48},"end":{"line":138,"column":85},"skip":true},{"start":{"line":139,"column":12},"end":{"line":145,"column":13},"skip":true}]},"14":{"line":147,"type":"binary-expr","locations":[{"start":{"line":147,"column":42},"end":{"line":147,"column":73},"skip":true},{"start":{"line":147,"column":77},"end":{"line":156,"column":9},"skip":true}]},"15":{"line":158,"type":"binary-expr","locations":[{"start":{"line":158,"column":45},"end":{"line":158,"column":79},"skip":true},{"start":{"line":158,"column":83},"end":{"line":167,"column":9},"skip":true}]},"16":{"line":169,"type":"binary-expr","locations":[{"start":{"line":169,"column":43},"end":{"line":169,"column":75},"skip":true},{"start":{"line":169,"column":79},"end":{"line":178,"column":9},"skip":true}]},"17":{"line":180,"type":"binary-expr","locations":[{"start":{"line":180,"column":41},"end":{"line":180,"column":71},"skip":true},{"start":{"line":180,"column":75},"end":{"line":189,"column":9},"skip":true}]}},"code":["/* istanbul instrument in package npmtest_phantom */","/*jslint","    bitwise: true,","    browser: true,","    maxerr: 8,","    maxlen: 96,","    node: true,","    nomen: true,","    regexp: true,","    stupid: true","*/","(function () {","    'use strict';","    var local;","","","","    // run shared js-env code - pre-init","    (function () {","        // init local","        local = {};","        // init modeJs","        local.modeJs = (function () {","            try {","                return typeof navigator.userAgent === 'string' &&","                    typeof document.querySelector('body') === 'object' &&","                    typeof XMLHttpRequest.prototype.open === 'function' &&","                    'browser';","            } catch (errorCaughtBrowser) {","                return module.exports &&","                    typeof process.versions.node === 'string' &&","                    typeof require('http').createServer === 'function' &&","                    'node';","            }","        }());","        // init global","        local.global = local.modeJs === 'browser'","            ? window","            : global;","        switch (local.modeJs) {","        // re-init local from window.local","        case 'browser':","            local = local.global.utility2.objectSetDefault(","                local.global.utility2_rollup || local.global.local,","                local.global.utility2","            );","            break;","        // re-init local from example.js","        case 'node':","            local = (local.global.utility2_rollup || require('utility2'))","                .requireReadme();","            break;","        }","        // export local","        local.global.local = local;","    }());","","","","    // run shared js-env code - function","    (function () {","        return;","    }());","    switch (local.modeJs) {","","","","    // run browser js-env code - function","    case 'browser':","        break;","","","","    // run node js-env code - function","    case 'node':","        break;","    }","","","","    // run shared js-env code - post-init","    (function () {","        return;","    }());","    switch (local.modeJs) {","","","","    // run browser js-env code - post-init","    case 'browser':","        local.testCase_browser_nullCase = local.testCase_browser_nullCase || function (","            options,","            onError","        ) {","        /*","         * this function will test browsers's null-case handling-behavior-behavior","         */","            onError(null, options);","        };","","        // run tests","        local.nop(local.modeTest &&","            document.querySelector('#testRunButton1') &&","            document.querySelector('#testRunButton1').click());","        break;","","","","    // run node js-env code - post-init","    /* istanbul ignore next */","    case 'node':","        local.testCase_buildApidoc_default = local.testCase_buildApidoc_default || function (","            options,","            onError","        ) {","        /*","         * this function will test buildApidoc's default handling-behavior-behavior","         */","            options = { modulePathList: module.paths };","            local.buildApidoc(options, onError);","        };","","        local.testCase_buildApp_default = local.testCase_buildApp_default || function (","            options,","            onError","        ) {","        /*","         * this function will test buildApp's default handling-behavior-behavior","         */","            local.testCase_buildReadme_default(options, local.onErrorThrow);","            local.testCase_buildLib_default(options, local.onErrorThrow);","            local.testCase_buildTest_default(options, local.onErrorThrow);","            local.testCase_buildCustomOrg_default(options, local.onErrorThrow);","            options = [];","            local.buildApp(options, onError);","        };","","        local.testCase_buildCustomOrg_default = local.testCase_buildCustomOrg_default ||","            function (options, onError) {","            /*","             * this function will test buildCustomOrg's default handling-behavior","             */","                options = {};","                local.buildCustomOrg(options, onError);","            };","","        local.testCase_buildLib_default = local.testCase_buildLib_default || function (","            options,","            onError","        ) {","        /*","         * this function will test buildLib's default handling-behavior","         */","            options = {};","            local.buildLib(options, onError);","        };","","        local.testCase_buildReadme_default = local.testCase_buildReadme_default || function (","            options,","            onError","        ) {","        /*","         * this function will test buildReadme's default handling-behavior-behavior","         */","            options = {};","            local.buildReadme(options, onError);","        };","","        local.testCase_buildTest_default = local.testCase_buildTest_default || function (","            options,","            onError","        ) {","        /*","         * this function will test buildTest's default handling-behavior","         */","            options = {};","            local.buildTest(options, onError);","        };","","        local.testCase_webpage_default = local.testCase_webpage_default || function (","            options,","            onError","        ) {","        /*","         * this function will test webpage's default handling-behavior","         */","            options = { modeCoverageMerge: true, url: local.serverLocalHost + '?modeTest=1' };","            local.browserTest(options, onError);","        };","","        // run test-server","        local.testRunServer(local);","        break;","    }","}());",""],"l":{"12":2,"14":2,"19":2,"21":2,"23":2,"24":2,"25":2,"30":1,"37":2,"40":2,"43":1,"47":1,"50":1,"52":1,"55":2,"61":2,"62":2,"64":2,"70":1,"76":1,"82":2,"83":2,"85":2,"91":1,"98":1,"102":1,"105":1,"112":1,"119":1,"120":1,"123":1,"130":1,"131":1,"132":1,"133":1,"134":1,"135":1,"138":1,"143":2,"144":2,"147":1,"154":2,"155":2,"158":1,"165":2,"166":2,"169":1,"176":2,"177":2,"180":1,"187":1,"188":1,"192":1,"193":1}},"/home/travis/build/npmtest/node-npmtest-phantom/lib.npmtest_phantom.js":{"path":"/home/travis/build/npmtest/node-npmtest-phantom/lib.npmtest_phantom.js","s":{"1":2,"2":2,"3":2,"4":2,"5":2,"6":2,"7":2,"8":1,"9":2,"10":2,"11":2,"12":2,"13":1,"14":1,"15":1,"16":1},"b":{"1":[2,1,1,1],"2":[1,1,1,1],"3":[1,1],"4":[2,2],"5":[1,1]},"f":{"1":2,"2":2,"3":2},"fnMap":{"1":{"name":"(anonymous_1)","line":12,"loc":{"start":{"line":12,"column":1},"end":{"line":12,"column":13}}},"2":{"name":"(anonymous_2)","line":19,"loc":{"start":{"line":19,"column":5},"end":{"line":19,"column":17}}},"3":{"name":"(anonymous_3)","line":23,"loc":{"start":{"line":23,"column":24},"end":{"line":23,"column":36}}}},"statementMap":{"1":{"start":{"line":12,"column":0},"end":{"line":53,"column":5}},"2":{"start":{"line":14,"column":4},"end":{"line":14,"column":14}},"3":{"start":{"line":19,"column":4},"end":{"line":52,"column":9}},"4":{"start":{"line":21,"column":8},"end":{"line":21,"column":19}},"5":{"start":{"line":23,"column":8},"end":{"line":35,"column":13}},"6":{"start":{"line":24,"column":12},"end":{"line":34,"column":13}},"7":{"start":{"line":25,"column":16},"end":{"line":28,"column":30}},"8":{"start":{"line":30,"column":16},"end":{"line":33,"column":27}},"9":{"start":{"line":37,"column":8},"end":{"line":39,"column":21}},"10":{"start":{"line":41,"column":8},"end":{"line":41,"column":54}},"11":{"start":{"line":43,"column":8},"end":{"line":43,"column":52}},"12":{"start":{"line":45,"column":8},"end":{"line":51,"column":9}},"13":{"start":{"line":46,"column":12},"end":{"line":46,"column":58}},"14":{"start":{"line":48,"column":12},"end":{"line":48,"column":35}},"15":{"start":{"line":49,"column":12},"end":{"line":49,"column":49}},"16":{"start":{"line":50,"column":12},"end":{"line":50,"column":43}}},"branchMap":{"1":{"line":25,"type":"binary-expr","locations":[{"start":{"line":25,"column":23},"end":{"line":25,"column":62}},{"start":{"line":26,"column":20},"end":{"line":26,"column":70}},{"start":{"line":27,"column":20},"end":{"line":27,"column":71}},{"start":{"line":28,"column":20},"end":{"line":28,"column":29}}]},"2":{"line":30,"type":"binary-expr","locations":[{"start":{"line":30,"column":23},"end":{"line":30,"column":37}},{"start":{"line":31,"column":20},"end":{"line":31,"column":61}},{"start":{"line":32,"column":20},"end":{"line":32,"column":70}},{"start":{"line":33,"column":20},"end":{"line":33,"column":26}}]},"3":{"line":37,"type":"cond-expr","locations":[{"start":{"line":38,"column":14},"end":{"line":38,"column":20}},{"start":{"line":39,"column":14},"end":{"line":39,"column":20}}]},"4":{"line":41,"type":"binary-expr","locations":[{"start":{"line":41,"column":16},"end":{"line":41,"column":44}},{"start":{"line":41,"column":48},"end":{"line":41,"column":53}}]},"5":{"line":45,"type":"if","locations":[{"start":{"line":45,"column":8},"end":{"line":45,"column":8}},{"start":{"line":45,"column":8},"end":{"line":45,"column":8}}]}},"code":["/* istanbul instrument in package npmtest_phantom */","/*jslint","    bitwise: true,","    browser: true,","    maxerr: 8,","    maxlen: 96,","    node: true,","    nomen: true,","    regexp: true,","    stupid: true","*/","(function () {","    'use strict';","    var local;","","","","    // run shared js-env code - pre-init","    (function () {","        // init local","        local = {};","        // init modeJs","        local.modeJs = (function () {","            try {","                return typeof navigator.userAgent === 'string' &&","                    typeof document.querySelector('body') === 'object' &&","                    typeof XMLHttpRequest.prototype.open === 'function' &&","                    'browser';","            } catch (errorCaughtBrowser) {","                return module.exports &&","                    typeof process.versions.node === 'string' &&","                    typeof require('http').createServer === 'function' &&","                    'node';","            }","        }());","        // init global","        local.global = local.modeJs === 'browser'","            ? window","            : global;","        // init utility2_rollup","        local = local.global.utility2_rollup || local;","        // init lib","        local.local = local.npmtest_phantom = local;","        // init exports","        if (local.modeJs === 'browser') {","            local.global.utility2_npmtest_phantom = local;","        } else {","            module.exports = local;","            module.exports.__dirname = __dirname;","            module.exports.module = module;","        }","    }());","}());",""],"l":{"12":2,"14":2,"19":2,"21":2,"23":2,"24":2,"25":2,"30":1,"37":2,"41":2,"43":2,"45":2,"46":1,"48":1,"49":1,"50":1}},"/home/travis/build/npmtest/node-npmtest-phantom/example.js":{"path":"/home/travis/build/npmtest/node-npmtest-phantom/example.js","s":{"1":2,"2":2,"3":2,"4":2,"5":2,"6":2,"7":2,"8":1,"9":2,"10":2,"11":2,"12":2,"13":1,"14":2,"15":2,"16":2,"17":2,"18":2,"19":0,"20":2,"21":1,"22":1,"23":1,"24":1,"25":1,"26":0,"27":0,"28":1,"29":1,"30":2,"31":0,"32":0,"33":0,"34":1,"35":2,"36":2,"37":3,"38":3,"39":3,"40":3,"41":0,"42":3,"43":3,"44":3,"45":1,"46":3,"47":1,"48":1,"49":1,"50":1,"51":1,"52":1,"53":1,"54":1,"55":1,"56":1,"57":0,"58":1,"59":6,"60":6,"61":1,"62":2,"63":0,"64":2,"65":1,"66":1,"67":0,"68":0,"69":0,"70":0,"71":0,"72":0,"73":0,"74":0,"75":0,"76":0,"77":0,"78":0,"79":0,"80":0,"81":0,"82":0,"83":0},"b":{"1":[2,1,1,1],"2":[1,1,1,1],"3":[1,1],"4":[2,2],"5":[1,1],"6":[1,1],"7":[2,0],"8":[2,1,1,1,1,1],"9":[0,2,0],"10":[1,1],"11":[2,1,1],"12":[1,0],"13":[0,2],"14":[2,0,0,0,0,0,0],"15":[0,3],"16":[3,0],"17":[1,1],"18":[0,1],"19":[1,2,0,2],"20":[1,0],"21":[1,1],"22":[0,0],"23":[0,0],"24":[0,0],"25":[0,0],"26":[0,0],"27":[0,0],"28":[0,0]},"f":{"1":2,"2":2,"3":2,"4":2,"5":2,"6":2,"7":3,"8":3,"9":3,"10":1,"11":6,"12":0},"fnMap":{"1":{"name":"(anonymous_1)","line":26,"loc":{"start":{"line":26,"column":1},"end":{"line":26,"column":13}}},"2":{"name":"(anonymous_2)","line":33,"loc":{"start":{"line":33,"column":5},"end":{"line":33,"column":17}}},"3":{"name":"(anonymous_3)","line":37,"loc":{"start":{"line":37,"column":24},"end":{"line":37,"column":36}}},"4":{"name":"(anonymous_4)","line":69,"loc":{"start":{"line":69,"column":31},"end":{"line":69,"column":48}},"skip":true},"5":{"name":"(anonymous_5)","line":78,"loc":{"start":{"line":78,"column":26},"end":{"line":78,"column":45}},"skip":true},"6":{"name":"(anonymous_6)","line":123,"loc":{"start":{"line":123,"column":33},"end":{"line":123,"column":48}},"skip":true},"7":{"name":"(anonymous_7)","line":125,"loc":{"start":{"line":125,"column":27},"end":{"line":125,"column":39}},"skip":true},"8":{"name":"(anonymous_8)","line":133,"loc":{"start":{"line":133,"column":59},"end":{"line":133,"column":74}},"skip":true},"9":{"name":"(anonymous_9)","line":143,"loc":{"start":{"line":143,"column":45},"end":{"line":143,"column":62}},"skip":true},"10":{"name":"(anonymous_10)","line":144,"loc":{"start":{"line":144,"column":73},"end":{"line":144,"column":92}},"skip":true},"11":{"name":"(anonymous_11)","line":272,"loc":{"start":{"line":272,"column":51},"end":{"line":272,"column":77}},"skip":true},"12":{"name":"(anonymous_12)","line":315,"loc":{"start":{"line":315,"column":32},"end":{"line":315,"column":61}},"skip":true}},"statementMap":{"1":{"start":{"line":26,"column":0},"end":{"line":326,"column":5}},"2":{"start":{"line":28,"column":4},"end":{"line":28,"column":14}},"3":{"start":{"line":33,"column":4},"end":{"line":60,"column":9}},"4":{"start":{"line":35,"column":8},"end":{"line":35,"column":19}},"5":{"start":{"line":37,"column":8},"end":{"line":49,"column":13}},"6":{"start":{"line":38,"column":12},"end":{"line":48,"column":13}},"7":{"start":{"line":39,"column":16},"end":{"line":42,"column":30}},"8":{"start":{"line":44,"column":16},"end":{"line":47,"column":27}},"9":{"start":{"line":51,"column":8},"end":{"line":53,"column":21}},"10":{"start":{"line":55,"column":8},"end":{"line":57,"column":45}},"11":{"start":{"line":59,"column":8},"end":{"line":59,"column":35}},"12":{"start":{"line":61,"column":4},"end":{"line":325,"column":5}},"13":{"start":{"line":69,"column":8},"end":{"line":121,"column":10},"skip":true},"14":{"start":{"line":70,"column":12},"end":{"line":88,"column":13},"skip":true},"15":{"start":{"line":76,"column":16},"end":{"line":87,"column":19},"skip":true},"16":{"start":{"line":79,"column":20},"end":{"line":86,"column":21},"skip":true},"17":{"start":{"line":82,"column":24},"end":{"line":82,"column":43},"skip":true},"18":{"start":{"line":83,"column":24},"end":{"line":83,"column":30},"skip":true},"19":{"start":{"line":85,"column":24},"end":{"line":85,"column":49},"skip":true},"20":{"start":{"line":89,"column":12},"end":{"line":107,"column":13},"skip":true},"21":{"start":{"line":92,"column":16},"end":{"line":102,"column":17},"skip":true},"22":{"start":{"line":93,"column":20},"end":{"line":93,"column":86},"skip":true},"23":{"start":{"line":94,"column":20},"end":{"line":95,"column":45},"skip":true},"24":{"start":{"line":96,"column":20},"end":{"line":96,"column":42},"skip":true},"25":{"start":{"line":97,"column":20},"end":{"line":97,"column":48},"skip":true},"26":{"start":{"line":100,"column":20},"end":{"line":100,"column":85},"skip":true},"27":{"start":{"line":101,"column":20},"end":{"line":101,"column":96},"skip":true},"28":{"start":{"line":103,"column":16},"end":{"line":103,"column":22},"skip":true},"29":{"start":{"line":106,"column":16},"end":{"line":106,"column":22},"skip":true},"30":{"start":{"line":108,"column":12},"end":{"line":120,"column":13},"skip":true},"31":{"start":{"line":114,"column":16},"end":{"line":119,"column":17},"skip":true},"32":{"start":{"line":116,"column":20},"end":{"line":116,"column":78},"skip":true},"33":{"start":{"line":118,"column":20},"end":{"line":118,"column":47},"skip":true},"34":{"start":{"line":123,"column":8},"end":{"line":141,"column":11},"skip":true},"35":{"start":{"line":124,"column":12},"end":{"line":124,"column":54},"skip":true},"36":{"start":{"line":125,"column":12},"end":{"line":140,"column":14},"skip":true},"37":{"start":{"line":126,"column":16},"end":{"line":126,"column":28},"skip":true},"38":{"start":{"line":127,"column":16},"end":{"line":127,"column":69},"skip":true},"39":{"start":{"line":128,"column":16},"end":{"line":128,"column":75},"skip":true},"40":{"start":{"line":129,"column":16},"end":{"line":131,"column":17},"skip":true},"41":{"start":{"line":130,"column":20},"end":{"line":130,"column":27},"skip":true},"42":{"start":{"line":133,"column":16},"end":{"line":137,"column":36},"skip":true},"43":{"start":{"line":134,"column":20},"end":{"line":136,"column":55},"skip":true},"44":{"start":{"line":139,"column":16},"end":{"line":139,"column":57},"skip":true},"45":{"start":{"line":143,"column":8},"end":{"line":147,"column":11},"skip":true},"46":{"start":{"line":144,"column":12},"end":{"line":146,"column":15},"skip":true},"47":{"start":{"line":145,"column":16},"end":{"line":145,"column":70},"skip":true},"48":{"start":{"line":149,"column":8},"end":{"line":149,"column":31},"skip":true},"49":{"start":{"line":150,"column":8},"end":{"line":150,"column":14},"skip":true},"50":{"start":{"line":158,"column":8},"end":{"line":158,"column":31},"skip":true},"51":{"start":{"line":160,"column":8},"end":{"line":160,"column":33},"skip":true},"52":{"start":{"line":161,"column":8},"end":{"line":161,"column":37},"skip":true},"53":{"start":{"line":162,"column":8},"end":{"line":162,"column":35},"skip":true},"54":{"start":{"line":164,"column":8},"end":{"line":164,"column":50},"skip":true},"55":{"start":{"line":166,"column":8},"end":{"line":256,"column":2},"skip":true},"56":{"start":{"line":258,"column":8},"end":{"line":286,"column":9},"skip":true},"57":{"start":{"line":259,"column":12},"end":{"line":269,"column":14},"skip":true},"58":{"start":{"line":271,"column":12},"end":{"line":285,"column":19},"skip":true},"59":{"start":{"line":274,"column":20},"end":{"line":274,"column":35},"skip":true},"60":{"start":{"line":275,"column":20},"end":{"line":284,"column":21},"skip":true},"61":{"start":{"line":277,"column":24},"end":{"line":277,"column":64},"skip":true},"62":{"start":{"line":279,"column":24},"end":{"line":279,"column":40},"skip":true},"63":{"start":{"line":281,"column":24},"end":{"line":281,"column":40},"skip":true},"64":{"start":{"line":283,"column":24},"end":{"line":283,"column":39},"skip":true},"65":{"start":{"line":288,"column":8},"end":{"line":290,"column":9},"skip":true},"66":{"start":{"line":289,"column":12},"end":{"line":289,"column":18},"skip":true},"67":{"start":{"line":291,"column":8},"end":{"line":293,"column":54},"skip":true},"68":{"start":{"line":296,"column":8},"end":{"line":301,"column":37},"skip":true},"69":{"start":{"line":303,"column":8},"end":{"line":303,"column":82},"skip":true},"70":{"start":{"line":306,"column":8},"end":{"line":308,"column":9},"skip":true},"71":{"start":{"line":307,"column":12},"end":{"line":307,"column":82},"skip":true},"72":{"start":{"line":310,"column":8},"end":{"line":312,"column":9},"skip":true},"73":{"start":{"line":311,"column":12},"end":{"line":311,"column":18},"skip":true},"74":{"start":{"line":313,"column":8},"end":{"line":313,"column":54},"skip":true},"75":{"start":{"line":314,"column":8},"end":{"line":314,"column":69},"skip":true},"76":{"start":{"line":315,"column":8},"end":{"line":323,"column":36},"skip":true},"77":{"start":{"line":316,"column":12},"end":{"line":316,"column":61},"skip":true},"78":{"start":{"line":317,"column":12},"end":{"line":320,"column":13},"skip":true},"79":{"start":{"line":318,"column":16},"end":{"line":318,"column":75},"skip":true},"80":{"start":{"line":319,"column":16},"end":{"line":319,"column":23},"skip":true},"81":{"start":{"line":321,"column":12},"end":{"line":321,"column":38},"skip":true},"82":{"start":{"line":322,"column":12},"end":{"line":322,"column":27},"skip":true},"83":{"start":{"line":324,"column":8},"end":{"line":324,"column":14},"skip":true}},"branchMap":{"1":{"line":39,"type":"binary-expr","locations":[{"start":{"line":39,"column":23},"end":{"line":39,"column":62}},{"start":{"line":40,"column":20},"end":{"line":40,"column":70}},{"start":{"line":41,"column":20},"end":{"line":41,"column":71}},{"start":{"line":42,"column":20},"end":{"line":42,"column":29}}]},"2":{"line":44,"type":"binary-expr","locations":[{"start":{"line":44,"column":23},"end":{"line":44,"column":37}},{"start":{"line":45,"column":20},"end":{"line":45,"column":61}},{"start":{"line":46,"column":20},"end":{"line":46,"column":70}},{"start":{"line":47,"column":20},"end":{"line":47,"column":26}}]},"3":{"line":51,"type":"cond-expr","locations":[{"start":{"line":52,"column":14},"end":{"line":52,"column":20}},{"start":{"line":53,"column":14},"end":{"line":53,"column":20}}]},"4":{"line":55,"type":"binary-expr","locations":[{"start":{"line":55,"column":16},"end":{"line":55,"column":44}},{"start":{"line":55,"column":49},"end":{"line":57,"column":43}}]},"5":{"line":55,"type":"cond-expr","locations":[{"start":{"line":56,"column":14},"end":{"line":56,"column":51}},{"start":{"line":57,"column":14},"end":{"line":57,"column":43}}]},"6":{"line":61,"type":"switch","locations":[{"start":{"line":68,"column":4},"end":{"line":150,"column":14},"skip":true},{"start":{"line":156,"column":4},"end":{"line":324,"column":14},"skip":true}]},"7":{"line":70,"type":"if","locations":[{"start":{"line":70,"column":12},"end":{"line":70,"column":12},"skip":true},{"start":{"line":70,"column":12},"end":{"line":70,"column":12},"skip":true}]},"8":{"line":70,"type":"binary-expr","locations":[{"start":{"line":70,"column":16},"end":{"line":70,"column":22},"skip":true},{"start":{"line":70,"column":27},"end":{"line":70,"column":32},"skip":true},{"start":{"line":71,"column":20},"end":{"line":71,"column":39},"skip":true},{"start":{"line":72,"column":20},"end":{"line":72,"column":49},"skip":true},{"start":{"line":73,"column":20},"end":{"line":73,"column":58},"skip":true},{"start":{"line":74,"column":20},"end":{"line":74,"column":69},"skip":true}]},"9":{"line":79,"type":"switch","locations":[{"start":{"line":80,"column":20},"end":{"line":80,"column":33},"skip":true},{"start":{"line":81,"column":20},"end":{"line":83,"column":30},"skip":true},{"start":{"line":84,"column":20},"end":{"line":85,"column":49},"skip":true}]},"10":{"line":89,"type":"switch","locations":[{"start":{"line":90,"column":12},"end":{"line":103,"column":22},"skip":true},{"start":{"line":105,"column":12},"end":{"line":106,"column":22},"skip":true}]},"11":{"line":89,"type":"binary-expr","locations":[{"start":{"line":89,"column":20},"end":{"line":89,"column":25},"skip":true},{"start":{"line":89,"column":29},"end":{"line":89,"column":48},"skip":true},{"start":{"line":89,"column":52},"end":{"line":89,"column":74},"skip":true}]},"12":{"line":92,"type":"if","locations":[{"start":{"line":92,"column":16},"end":{"line":92,"column":16},"skip":true},{"start":{"line":92,"column":16},"end":{"line":92,"column":16},"skip":true}]},"13":{"line":108,"type":"if","locations":[{"start":{"line":108,"column":12},"end":{"line":108,"column":12},"skip":true},{"start":{"line":108,"column":12},"end":{"line":108,"column":12},"skip":true}]},"14":{"line":108,"type":"binary-expr","locations":[{"start":{"line":108,"column":16},"end":{"line":108,"column":61},"skip":true},{"start":{"line":108,"column":66},"end":{"line":108,"column":72},"skip":true},{"start":{"line":108,"column":77},"end":{"line":108,"column":82},"skip":true},{"start":{"line":109,"column":20},"end":{"line":109,"column":39},"skip":true},{"start":{"line":110,"column":20},"end":{"line":110,"column":49},"skip":true},{"start":{"line":111,"column":20},"end":{"line":111,"column":58},"skip":true},{"start":{"line":112,"column":20},"end":{"line":112,"column":68},"skip":true}]},"15":{"line":129,"type":"if","locations":[{"start":{"line":129,"column":16},"end":{"line":129,"column":16},"skip":true},{"start":{"line":129,"column":16},"end":{"line":129,"column":16},"skip":true}]},"16":{"line":134,"type":"cond-expr","locations":[{"start":{"line":135,"column":26},"end":{"line":135,"column":29},"skip":true},{"start":{"line":136,"column":26},"end":{"line":136,"column":54},"skip":true}]},"17":{"line":164,"type":"binary-expr","locations":[{"start":{"line":164,"column":27},"end":{"line":164,"column":43},"skip":true},{"start":{"line":164,"column":47},"end":{"line":164,"column":49},"skip":true}]},"18":{"line":258,"type":"if","locations":[{"start":{"line":258,"column":8},"end":{"line":258,"column":8},"skip":true},{"start":{"line":258,"column":8},"end":{"line":258,"column":8},"skip":true}]},"19":{"line":275,"type":"switch","locations":[{"start":{"line":276,"column":20},"end":{"line":277,"column":64},"skip":true},{"start":{"line":278,"column":20},"end":{"line":279,"column":40},"skip":true},{"start":{"line":280,"column":20},"end":{"line":281,"column":40},"skip":true},{"start":{"line":282,"column":20},"end":{"line":283,"column":39},"skip":true}]},"20":{"line":288,"type":"if","locations":[{"start":{"line":288,"column":8},"end":{"line":288,"column":8},"skip":true},{"start":{"line":288,"column":8},"end":{"line":288,"column":8},"skip":true}]},"21":{"line":288,"type":"binary-expr","locations":[{"start":{"line":288,"column":12},"end":{"line":288,"column":40},"skip":true},{"start":{"line":288,"column":44},"end":{"line":288,"column":67},"skip":true}]},"22":{"line":292,"type":"binary-expr","locations":[{"start":{"line":292,"column":12},"end":{"line":292,"column":50},"skip":true},{"start":{"line":293,"column":12},"end":{"line":293,"column":53},"skip":true}]},"23":{"line":297,"type":"binary-expr","locations":[{"start":{"line":297,"column":12},"end":{"line":297,"column":65},"skip":true},{"start":{"line":298,"column":12},"end":{"line":301,"column":36},"skip":true}]},"24":{"line":303,"type":"binary-expr","locations":[{"start":{"line":303,"column":43},"end":{"line":303,"column":75},"skip":true},{"start":{"line":303,"column":79},"end":{"line":303,"column":81},"skip":true}]},"25":{"line":306,"type":"if","locations":[{"start":{"line":306,"column":8},"end":{"line":306,"column":8},"skip":true},{"start":{"line":306,"column":8},"end":{"line":306,"column":8},"skip":true}]},"26":{"line":310,"type":"if","locations":[{"start":{"line":310,"column":8},"end":{"line":310,"column":8},"skip":true},{"start":{"line":310,"column":8},"end":{"line":310,"column":8},"skip":true}]},"27":{"line":313,"type":"binary-expr","locations":[{"start":{"line":313,"column":27},"end":{"line":313,"column":43},"skip":true},{"start":{"line":313,"column":47},"end":{"line":313,"column":53},"skip":true}]},"28":{"line":317,"type":"if","locations":[{"start":{"line":317,"column":12},"end":{"line":317,"column":12},"skip":true},{"start":{"line":317,"column":12},"end":{"line":317,"column":12},"skip":true}]}},"code":["/*","example.js","","quickstart example","","instruction","    1. save this script as example.js","    2. run the shell command:","        $ npm install npmtest-phantom && PORT=8081 node example.js","    3. play with the browser-demo on http://127.0.0.1:8081","*/","","","","/* istanbul instrument in package npmtest_phantom */","/*jslint","    bitwise: true,","    browser: true,","    maxerr: 8,","    maxlen: 96,","    node: true,","    nomen: true,","    regexp: true,","    stupid: true","*/","(function () {","    'use strict';","    var local;","","","","    // run shared js-env code - pre-init","    (function () {","        // init local","        local = {};","        // init modeJs","        local.modeJs = (function () {","            try {","                return typeof navigator.userAgent === 'string' &&","                    typeof document.querySelector('body') === 'object' &&","                    typeof XMLHttpRequest.prototype.open === 'function' &&","                    'browser';","            } catch (errorCaughtBrowser) {","                return module.exports &&","                    typeof process.versions.node === 'string' &&","                    typeof require('http').createServer === 'function' &&","                    'node';","            }","        }());","        // init global","        local.global = local.modeJs === 'browser'","            ? window","            : global;","        // init utility2_rollup","        local = local.global.utility2_rollup || (local.modeJs === 'browser'","            ? local.global.utility2_npmtest_phantom","            : global.utility2_moduleExports);","        // export local","        local.global.local = local;","    }());","    switch (local.modeJs) {","","","","    // post-init","    // run browser js-env code - post-init","    /* istanbul ignore next */","    case 'browser':","        local.testRunBrowser = function (event) {","            if (!event || (event &&","                    event.currentTarget &&","                    event.currentTarget.className &&","                    event.currentTarget.className.includes &&","                    event.currentTarget.className.includes('onreset'))) {","                // reset output","                Array.from(","                    document.querySelectorAll('body > .resettable')","                ).forEach(function (element) {","                    switch (element.tagName) {","                    case 'INPUT':","                    case 'TEXTAREA':","                        element.value = '';","                        break;","                    default:","                        element.textContent = '';","                    }","                });","            }","            switch (event && event.currentTarget && event.currentTarget.id) {","            case 'testRunButton1':","                // show tests","                if (document.querySelector('#testReportDiv1').style.display === 'none') {","                    document.querySelector('#testReportDiv1').style.display = 'block';","                    document.querySelector('#testRunButton1').textContent =","                        'hide internal test';","                    local.modeTest = true;","                    local.testRunDefault(local);","                // hide tests","                } else {","                    document.querySelector('#testReportDiv1').style.display = 'none';","                    document.querySelector('#testRunButton1').textContent = 'run internal test';","                }","                break;","            // custom-case","            default:","                break;","            }","            if (document.querySelector('#inputTextareaEval1') && (!event || (event &&","                    event.currentTarget &&","                    event.currentTarget.className &&","                    event.currentTarget.className.includes &&","                    event.currentTarget.className.includes('oneval')))) {","                // try to eval input-code","                try {","                    /*jslint evil: true*/","                    eval(document.querySelector('#inputTextareaEval1').value);","                } catch (errorCaught) {","                    console.error(errorCaught);","                }","            }","        };","        // log stderr and stdout to #outputTextareaStdout1","        ['error', 'log'].forEach(function (key) {","            console[key + '_original'] = console[key];","            console[key] = function () {","                var element;","                console[key + '_original'].apply(console, arguments);","                element = document.querySelector('#outputTextareaStdout1');","                if (!element) {","                    return;","                }","                // append text to #outputTextareaStdout1","                element.value += Array.from(arguments).map(function (arg) {","                    return typeof arg === 'string'","                        ? arg","                        : JSON.stringify(arg, null, 4);","                }).join(' ') + '\\n';","                // scroll textarea to bottom","                element.scrollTop = element.scrollHeight;","            };","        });","        // init event-handling","        ['change', 'click', 'keyup'].forEach(function (event) {","            Array.from(document.querySelectorAll('.on' + event)).forEach(function (element) {","                element.addEventListener(event, local.testRunBrowser);","            });","        });","        // run tests","        local.testRunBrowser();","        break;","","","","    // run node js-env code - post-init","    /* istanbul ignore next */","    case 'node':","        // export local","        module.exports = local;","        // require modules","        local.fs = require('fs');","        local.http = require('http');","        local.url = require('url');","        // init assets","        local.assetsDict = local.assetsDict || {};","        /* jslint-ignore-begin */","        local.assetsDict['/assets.index.template.html'] = '\\","<!doctype html>\\n\\","<html lang=\"en\">\\n\\","<head>\\n\\","<meta charset=\"UTF-8\">\\n\\","<meta name=\"viewport\" content=\"width=device-width, initial-scale=1\">\\n\\","<title>{{env.npm_package_name}} (v{{env.npm_package_version}})</title>\\n\\","<style>\\n\\","/*csslint\\n\\","    box-sizing: false,\\n\\","    universal-selector: false\\n\\","*/\\n\\","* {\\n\\","    box-sizing: border-box;\\n\\","}\\n\\","body {\\n\\","    background: #dde;\\n\\","    font-family: Arial, Helvetica, sans-serif;\\n\\","    margin: 2rem;\\n\\","}\\n\\","body > * {\\n\\","    margin-bottom: 1rem;\\n\\","}\\n\\",".utility2FooterDiv {\\n\\","    margin-top: 20px;\\n\\","    text-align: center;\\n\\","}\\n\\","</style>\\n\\","<style>\\n\\","/*csslint\\n\\","*/\\n\\","textarea {\\n\\","    font-family: monospace;\\n\\","    height: 10rem;\\n\\","    width: 100%;\\n\\","}\\n\\","textarea[readonly] {\\n\\","    background: #ddd;\\n\\","}\\n\\","</style>\\n\\","</head>\\n\\","<body>\\n\\","<!-- utility2-comment\\n\\","<div id=\"ajaxProgressDiv1\" style=\"background: #d00; height: 2px; left: 0; margin: 0; padding: 0; position: fixed; top: 0; transition: background 0.5s, width 1.5s; width: 25%;\"></div>\\n\\","utility2-comment -->\\n\\","<h1>\\n\\","<!-- utility2-comment\\n\\","    <a\\n\\","        {{#if env.npm_package_homepage}}\\n\\","        href=\"{{env.npm_package_homepage}}\"\\n\\","        {{/if env.npm_package_homepage}}\\n\\","        target=\"_blank\"\\n\\","    >\\n\\","utility2-comment -->\\n\\","        {{env.npm_package_name}} (v{{env.npm_package_version}})\\n\\","<!-- utility2-comment\\n\\","    </a>\\n\\","utility2-comment -->\\n\\","</h1>\\n\\","<h3>{{env.npm_package_description}}</h3>\\n\\","<!-- utility2-comment\\n\\","<h4><a download href=\"assets.app.js\">download standalone app</a></h4>\\n\\","<button class=\"onclick onreset\" id=\"testRunButton1\">run internal test</button><br>\\n\\","<div id=\"testReportDiv1\" style=\"display: none;\"></div>\\n\\","utility2-comment -->\\n\\","\\n\\","\\n\\","\\n\\","<label>stderr and stdout</label>\\n\\","<textarea class=\"resettable\" id=\"outputTextareaStdout1\" readonly></textarea>\\n\\","<!-- utility2-comment\\n\\","{{#if isRollup}}\\n\\","<script src=\"assets.app.js\"></script>\\n\\","{{#unless isRollup}}\\n\\","utility2-comment -->\\n\\","<script src=\"assets.utility2.rollup.js\"></script>\\n\\","<script src=\"jsonp.utility2._stateInit?callback=window.utility2._stateInit\"></script>\\n\\","<script src=\"assets.npmtest_phantom.rollup.js\"></script>\\n\\","<script src=\"assets.example.js\"></script>\\n\\","<script src=\"assets.test.js\"></script>\\n\\","<!-- utility2-comment\\n\\","{{/if isRollup}}\\n\\","utility2-comment -->\\n\\","<div class=\"utility2FooterDiv\">\\n\\","    [ this app was created with\\n\\","    <a href=\"https://github.com/kaizhu256/node-utility2\" target=\"_blank\">utility2</a>\\n\\","    ]\\n\\","</div>\\n\\","</body>\\n\\","</html>\\n\\","';","        /* jslint-ignore-end */","        if (local.templateRender) {","            local.assetsDict['/'] = local.templateRender(","                local.assetsDict['/assets.index.template.html'],","                {","                    env: local.objectSetDefault(local.env, {","                        npm_package_description: 'the greatest app in the world!',","                        npm_package_name: 'my-app',","                        npm_package_nameAlias: 'my_app',","                        npm_package_version: '0.0.1'","                    })","                }","            );","        } else {","            local.assetsDict['/'] = local.assetsDict['/assets.index.template.html']","                .replace((/\\{\\{env\\.(\\w+?)\\}\\}/g), function (match0, match1) {","                    // jslint-hack","                    String(match0);","                    switch (match1) {","                    case 'npm_package_description':","                        return 'the greatest app in the world!';","                    case 'npm_package_name':","                        return 'my-app';","                    case 'npm_package_nameAlias':","                        return 'my_app';","                    case 'npm_package_version':","                        return '0.0.1';","                    }","                });","        }","        // run the cli","        if (local.global.utility2_rollup || module !== require.main) {","            break;","        }","        local.assetsDict['/assets.example.js'] =","            local.assetsDict['/assets.example.js'] ||","            local.fs.readFileSync(__filename, 'utf8');","        // bug-workaround - long $npm_package_buildCustomOrg","        /* jslint-ignore-begin */","        local.assetsDict['/assets.npmtest_phantom.rollup.js'] =","            local.assetsDict['/assets.npmtest_phantom.rollup.js'] ||","            local.fs.readFileSync(","                local.npmtest_phantom.__dirname + '/lib.npmtest_phantom.js',","                'utf8'","            ).replace((/^#!/), '//');","        /* jslint-ignore-end */","        local.assetsDict['/favicon.ico'] = local.assetsDict['/favicon.ico'] || '';","        // if $npm_config_timeout_exit exists,","        // then exit this process after $npm_config_timeout_exit ms","        if (Number(process.env.npm_config_timeout_exit)) {","            setTimeout(process.exit, Number(process.env.npm_config_timeout_exit));","        }","        // start server","        if (local.global.utility2_serverHttp1) {","            break;","        }","        process.env.PORT = process.env.PORT || '8081';","        console.error('server starting on port ' + process.env.PORT);","        local.http.createServer(function (request, response) {","            request.urlParsed = local.url.parse(request.url);","            if (local.assetsDict[request.urlParsed.pathname] !== undefined) {","                response.end(local.assetsDict[request.urlParsed.pathname]);","                return;","            }","            response.statusCode = 404;","            response.end();","        }).listen(process.env.PORT);","        break;","    }","}());",""],"l":{"26":2,"28":2,"33":2,"35":2,"37":2,"38":2,"39":2,"44":1,"51":2,"55":2,"59":2,"61":2,"69":1,"70":2,"76":2,"79":2,"82":2,"83":2,"85":1,"89":2,"92":1,"93":1,"94":1,"96":1,"97":1,"100":1,"101":1,"103":1,"106":1,"108":2,"114":1,"116":1,"118":1,"123":1,"124":2,"125":2,"126":3,"127":3,"128":3,"129":3,"130":1,"133":3,"134":3,"139":3,"143":1,"144":3,"145":1,"149":1,"150":1,"158":1,"160":1,"161":1,"162":1,"164":1,"166":1,"258":1,"259":1,"271":1,"274":6,"275":6,"277":1,"279":2,"281":1,"283":2,"288":1,"289":1,"291":1,"296":1,"303":1,"306":1,"307":1,"310":1,"311":1,"313":1,"314":1,"315":1,"316":1,"317":1,"318":1,"319":1,"321":1,"322":1,"324":1}},"/home/travis/build/npmtest/node-npmtest-phantom/node_modules/phantom/lib/index.js":{"path":"/home/travis/build/npmtest/node-npmtest-phantom/node_modules/phantom/lib/index.js","s":{"1":2,"2":2,"3":0,"4":1,"5":0,"6":1,"7":0,"8":0,"9":0,"10":0},"b":{"1":[0,0],"2":[0,0]},"f":{"1":0,"2":0},"fnMap":{"1":{"name":"_interopRequireDefault","line":11,"loc":{"start":{"line":11,"column":0},"end":{"line":11,"column":37}}},"2":{"name":"create","line":22,"loc":{"start":{"line":22,"column":0},"end":{"line":22,"column":30}}}},"statementMap":{"1":{"start":{"line":3,"column":0},"end":{"line":5,"column":3}},"2":{"start":{"line":7,"column":0},"end":{"line":7,"column":36}},"3":{"start":{"line":9,"column":0},"end":{"line":9,"column":49}},"4":{"start":{"line":11,"column":0},"end":{"line":11,"column":95}},"5":{"start":{"line":11,"column":39},"end":{"line":11,"column":93}},"6":{"start":{"line":22,"column":0},"end":{"line":24,"column":1}},"7":{"start":{"line":23,"column":2},"end":{"line":23,"column":78}},"8":{"start":{"line":23,"column":32},"end":{"line":23,"column":76}},"9":{"start":{"line":26,"column":0},"end":{"line":26,"column":29}},"10":{"start":{"line":29,"column":0},"end":{"line":29,"column":31}}},"branchMap":{"1":{"line":11,"type":"cond-expr","locations":[{"start":{"line":11,"column":70},"end":{"line":11,"column":73}},{"start":{"line":11,"column":76},"end":{"line":11,"column":92}}]},"2":{"line":11,"type":"binary-expr","locations":[{"start":{"line":11,"column":46},"end":{"line":11,"column":49}},{"start":{"line":11,"column":53},"end":{"line":11,"column":67}}]}},"code":["'use strict';","","Object.defineProperty(exports, \"__esModule\", {","  value: true","});","","var _phantom = require('./phantom');","","var _phantom2 = _interopRequireDefault(_phantom);","","function _interopRequireDefault(obj) { return obj && obj.__esModule ? obj : { default: obj }; }","","/**"," * Retuns a Promise of a new Phantom class instance"," * @param args command args to pass to phantom process"," * @param [config] configuration object"," * @param [config.phantomPath] path to phantomjs executable"," * @param [config.logger] object containing functions used for logging"," * @param [config.logLevel] log level to apply on the logger (if unset or default)"," * @returns {Promise}"," */","function create(args, config) {","  return new Promise(resolve => resolve(new _phantom2.default(args, config)));","}","","exports.default = { create };","","","module.exports.create = create;"],"l":{"3":2,"7":2,"9":0,"11":1,"22":1,"23":0,"26":0,"29":0}},"/home/travis/build/npmtest/node-npmtest-phantom/node_modules/phantom/lib/command.js":{"path":"/home/travis/build/npmtest/node-npmtest-phantom/node_modules/phantom/lib/command.js","s":{"1":1,"2":1,"3":0,"4":0,"5":0,"6":0,"7":0,"8":1},"b":{},"f":{"1":0},"fnMap":{"1":{"name":"(anonymous_1)","line":10,"loc":{"start":{"line":10,"column":15},"end":{"line":10,"column":43}}}},"statementMap":{"1":{"start":{"line":3,"column":0},"end":{"line":5,"column":3}},"2":{"start":{"line":6,"column":0},"end":{"line":6,"column":16}},"3":{"start":{"line":11,"column":8},"end":{"line":11,"column":28}},"4":{"start":{"line":12,"column":8},"end":{"line":12,"column":29}},"5":{"start":{"line":13,"column":8},"end":{"line":13,"column":25}},"6":{"start":{"line":14,"column":8},"end":{"line":14,"column":29}},"7":{"start":{"line":15,"column":8},"end":{"line":15,"column":29}},"8":{"start":{"line":18,"column":0},"end":{"line":18,"column":26}}},"branchMap":{},"code":["\"use strict\";","","Object.defineProperty(exports, \"__esModule\", {","    value: true","});","let NEXT_ID = 1;","","class Command {","","    constructor(target, name, params = []) {","        this.id = NEXT_ID++;","        this.target = target;","        this.name = name;","        this.params = params;","        this.deferred = null;","    }","}","exports.default = Command;"],"l":{"3":1,"6":1,"11":0,"12":0,"13":0,"14":0,"15":0,"18":1}},"/home/travis/build/npmtest/node-npmtest-phantom/node_modules/phantom/lib/out_object.js":{"path":"/home/travis/build/npmtest/node-npmtest-phantom/node_modules/phantom/lib/out_object.js","s":{"1":2,"2":2,"3":0,"4":0,"5":0,"6":1,"7":0,"8":0,"9":0,"10":0,"11":0},"b":{"1":[0,0],"2":[0,0]},"f":{"1":0,"2":0,"3":0},"fnMap":{"1":{"name":"_interopRequireDefault","line":15,"loc":{"start":{"line":15,"column":0},"end":{"line":15,"column":37}}},"2":{"name":"(anonymous_2)","line":19,"loc":{"start":{"line":19,"column":15},"end":{"line":19,"column":25}}},"3":{"name":"(anonymous_3)","line":24,"loc":{"start":{"line":24,"column":12},"end":{"line":24,"column":19}}}},"statementMap":{"1":{"start":{"line":3,"column":0},"end":{"line":5,"column":3}},"2":{"start":{"line":7,"column":0},"end":{"line":7,"column":36}},"3":{"start":{"line":9,"column":0},"end":{"line":9,"column":49}},"4":{"start":{"line":11,"column":0},"end":{"line":11,"column":32}},"5":{"start":{"line":13,"column":0},"end":{"line":13,"column":47}},"6":{"start":{"line":15,"column":0},"end":{"line":15,"column":95}},"7":{"start":{"line":15,"column":39},"end":{"line":15,"column":93}},"8":{"start":{"line":20,"column":8},"end":{"line":20,"column":32}},"9":{"start":{"line":21,"column":8},"end":{"line":21,"column":86}},"10":{"start":{"line":25,"column":8},"end":{"line":25,"column":70}},"11":{"start":{"line":28,"column":0},"end":{"line":28,"column":28}}},"branchMap":{"1":{"line":15,"type":"cond-expr","locations":[{"start":{"line":15,"column":70},"end":{"line":15,"column":73}},{"start":{"line":15,"column":76},"end":{"line":15,"column":92}}]},"2":{"line":15,"type":"binary-expr","locations":[{"start":{"line":15,"column":46},"end":{"line":15,"column":49}},{"start":{"line":15,"column":53},"end":{"line":15,"column":67}}]}},"code":["'use strict';","","Object.defineProperty(exports, \"__esModule\", {","    value: true","});","","var _phantom = require('./phantom');","","var _phantom2 = _interopRequireDefault(_phantom);","","var _crypto = require('crypto');","","var _crypto2 = _interopRequireDefault(_crypto);","","function _interopRequireDefault(obj) { return obj && obj.__esModule ? obj : { default: obj }; }","","class OutObject {","","    constructor(phantom) {","        this._phantom = phantom;","        this.target = 'OutObject$' + _crypto2.default.randomBytes(16).toString('hex');","    }","","    property(name) {","        return this._phantom.execute(this.target, 'property', [name]);","    }","}","exports.default = OutObject;"],"l":{"3":2,"7":2,"9":0,"11":0,"13":0,"15":1,"20":0,"21":0,"25":0,"28":0}},"/home/travis/build/npmtest/node-npmtest-phantom/node_modules/phantom/lib/page.js":{"path":"/home/travis/build/npmtest/node-npmtest-phantom/node_modules/phantom/lib/page.js","s":{"1":2,"2":2,"3":0,"4":1,"5":0,"6":0,"7":0,"8":0,"9":0,"10":0,"11":0,"12":0,"13":0,"14":0,"15":0,"16":0,"17":0,"18":0,"19":0,"20":0,"21":0,"22":0,"23":0,"24":0,"25":0,"26":0,"27":0,"28":0,"29":0,"30":0,"31":0,"32":0,"33":0},"b":{"1":[0,0],"2":[0,0],"3":[0,0],"4":[0,0]},"f":{"1":0,"2":0,"3":0,"4":0,"5":0,"6":0,"7":0,"8":0,"9":0,"10":0,"11":0},"fnMap":{"1":{"name":"_interopRequireDefault","line":11,"loc":{"start":{"line":11,"column":0},"end":{"line":11,"column":37}}},"2":{"name":"(anonymous_2)","line":18,"loc":{"start":{"line":18,"column":15},"end":{"line":18,"column":33}}},"3":{"name":"(anonymous_3)","line":32,"loc":{"start":{"line":32,"column":6},"end":{"line":32,"column":38}}},"4":{"name":"(anonymous_4)","line":56,"loc":{"start":{"line":56,"column":7},"end":{"line":56,"column":15}}},"5":{"name":"(anonymous_5)","line":63,"loc":{"start":{"line":63,"column":21},"end":{"line":63,"column":24}}},"6":{"name":"(anonymous_6)","line":70,"loc":{"start":{"line":70,"column":16},"end":{"line":70,"column":19}}},"7":{"name":"(anonymous_7)","line":77,"loc":{"start":{"line":77,"column":16},"end":{"line":77,"column":35}}},"8":{"name":"(anonymous_8)","line":84,"loc":{"start":{"line":84,"column":12},"end":{"line":84,"column":15}}},"9":{"name":"(anonymous_9)","line":91,"loc":{"start":{"line":91,"column":11},"end":{"line":91,"column":14}}},"10":{"name":"(anonymous_10)","line":103,"loc":{"start":{"line":103,"column":29},"end":{"line":103,"column":41}}},"11":{"name":"(anonymous_11)","line":110,"loc":{"start":{"line":110,"column":29},"end":{"line":110,"column":41}}}},"statementMap":{"1":{"start":{"line":3,"column":0},"end":{"line":5,"column":3}},"2":{"start":{"line":7,"column":0},"end":{"line":7,"column":36}},"3":{"start":{"line":9,"column":0},"end":{"line":9,"column":49}},"4":{"start":{"line":11,"column":0},"end":{"line":11,"column":95}},"5":{"start":{"line":11,"column":39},"end":{"line":11,"column":93}},"6":{"start":{"line":19,"column":8},"end":{"line":19,"column":39}},"7":{"start":{"line":20,"column":8},"end":{"line":20,"column":31}},"8":{"start":{"line":33,"column":8},"end":{"line":33,"column":29}},"9":{"start":{"line":34,"column":8},"end":{"line":34,"column":21}},"10":{"start":{"line":35,"column":8},"end":{"line":35,"column":17}},"11":{"start":{"line":37,"column":8},"end":{"line":45,"column":9}},"12":{"start":{"line":38,"column":12},"end":{"line":38,"column":47}},"13":{"start":{"line":39,"column":12},"end":{"line":39,"column":37}},"14":{"start":{"line":40,"column":12},"end":{"line":40,"column":47}},"15":{"start":{"line":42,"column":12},"end":{"line":42,"column":47}},"16":{"start":{"line":43,"column":12},"end":{"line":43,"column":44}},"17":{"start":{"line":44,"column":12},"end":{"line":44,"column":73}},"18":{"start":{"line":47,"column":8},"end":{"line":47,"column":85}},"19":{"start":{"line":57,"column":8},"end":{"line":57,"column":52}},"20":{"start":{"line":64,"column":8},"end":{"line":64,"column":96}},"21":{"start":{"line":71,"column":8},"end":{"line":71,"column":91}},"22":{"start":{"line":78,"column":8},"end":{"line":78,"column":85}},"23":{"start":{"line":85,"column":8},"end":{"line":85,"column":87}},"24":{"start":{"line":92,"column":8},"end":{"line":92,"column":86}},"25":{"start":{"line":96,"column":0},"end":{"line":96,"column":23}},"26":{"start":{"line":97,"column":0},"end":{"line":97,"column":43}},"27":{"start":{"line":99,"column":0},"end":{"line":99,"column":290}},"28":{"start":{"line":101,"column":0},"end":{"line":106,"column":3}},"29":{"start":{"line":103,"column":4},"end":{"line":105,"column":6}},"30":{"start":{"line":104,"column":8},"end":{"line":104,"column":93}},"31":{"start":{"line":108,"column":0},"end":{"line":113,"column":3}},"32":{"start":{"line":110,"column":4},"end":{"line":112,"column":6}},"33":{"start":{"line":111,"column":8},"end":{"line":111,"column":88}}},"branchMap":{"1":{"line":11,"type":"cond-expr","locations":[{"start":{"line":11,"column":70},"end":{"line":11,"column":73}},{"start":{"line":11,"column":76},"end":{"line":11,"column":92}}]},"2":{"line":11,"type":"binary-expr","locations":[{"start":{"line":11,"column":46},"end":{"line":11,"column":49}},{"start":{"line":11,"column":53},"end":{"line":11,"column":67}}]},"3":{"line":37,"type":"if","locations":[{"start":{"line":37,"column":8},"end":{"line":37,"column":8}},{"start":{"line":37,"column":8},"end":{"line":37,"column":8}}]},"4":{"line":44,"type":"cond-expr","locations":[{"start":{"line":44,"column":42},"end":{"line":44,"column":50}},{"start":{"line":44,"column":53},"end":{"line":44,"column":72}}]}},"code":["'use strict';","","Object.defineProperty(exports, \"__esModule\", {","    value: true","});","","var _phantom = require('./phantom');","","var _phantom2 = _interopRequireDefault(_phantom);","","function _interopRequireDefault(obj) { return obj && obj.__esModule ? obj : { default: obj }; }","","/**"," * Page class that proxies everything to phantomjs"," */","class Page {","","    constructor(phantom, pageId) {","        this.target = 'page$' + pageId;","        this.phantom = phantom;","    }","","    /**","     * Add an event listener to the page on phantom","     *","     * @param event The name of the event (Ej. onResourceLoaded)","     * @param [runOnPhantom=false] Indicate if the event must run on the phantom runtime or not","     * @param listener The event listener. When runOnPhantom=true, this listener code would be run on phantom, and thus,","     * all the closure info wont work","     * @returns {*}","     */","    on(event, runOnPhantom, listener) {","        let mustRunOnPhantom;","        let callback;","        let args;","","        if (typeof runOnPhantom === 'function') {","            args = [].slice.call(arguments, 2);","            mustRunOnPhantom = false;","            callback = runOnPhantom.bind(this);","        } else {","            args = [].slice.call(arguments, 3);","            mustRunOnPhantom = runOnPhantom;","            callback = mustRunOnPhantom ? listener : listener.bind(this);","        }","","        return this.phantom.on(event, this.target, mustRunOnPhantom, callback, args);","    }","","    /**","     * Removes an event listener","     *","     * @param event the event name","     * @returns {*}","     */","    off(event) {","        return this.phantom.off(event, this.target);","    }","","    /**","     * Invokes an asynchronous method","     */","    invokeAsyncMethod() {","        return this.phantom.execute(this.target, 'invokeAsyncMethod', [].slice.call(arguments));","    }","","    /**","     * Invokes a method","     */","    invokeMethod() {","        return this.phantom.execute(this.target, 'invokeMethod', [].slice.call(arguments));","    }","","    /**","     * Defines a method","     */","    defineMethod(name, definition) {","        return this.phantom.execute(this.target, 'defineMethod', [name, definition]);","    }","","    /**","     * Gets or sets a property","     */","    property() {","        return this.phantom.execute(this.target, 'property', [].slice.call(arguments));","    }","","    /**","     * Gets or sets a setting","     */","    setting() {","        return this.phantom.execute(this.target, 'setting', [].slice.call(arguments));","    }","}","","exports.default = Page;","const asyncMethods = ['includeJs', 'open'];","","const methods = ['addCookie', 'clearCookies', 'close', 'deleteCookie', 'evaluate', 'evaluateAsync', 'evaluateJavaScript', 'injectJs', 'openUrl', 'reload', 'render', 'renderBase64', 'sendEvent', 'setContent', 'setProxy', 'stop', 'switchToFrame', 'switchToMainFrame', 'goBack', 'uploadFile'];","","asyncMethods.forEach(method => {","    // $FlowFixMe: no way to provide dynamic functions","    Page.prototype[method] = function () {","        return this.invokeAsyncMethod.apply(this, [method].concat([].slice.call(arguments)));","    };","});","","methods.forEach(method => {","    // $FlowFixMe: no way to provide dynamic functions","    Page.prototype[method] = function () {","        return this.invokeMethod.apply(this, [method].concat([].slice.call(arguments)));","    };","});"],"l":{"3":2,"7":2,"9":0,"11":1,"19":0,"20":0,"33":0,"34":0,"35":0,"37":0,"38":0,"39":0,"40":0,"42":0,"43":0,"44":0,"47":0,"57":0,"64":0,"71":0,"78":0,"85":0,"92":0,"96":0,"97":0,"99":0,"101":0,"103":0,"104":0,"108":0,"110":0,"111":0}},"/home/travis/build/npmtest/node-npmtest-phantom/node_modules/phantom/lib/shim/function_bind_polyfill.js":{"path":"/home/travis/build/npmtest/node-npmtest-phantom/node_modules/phantom/lib/shim/function_bind_polyfill.js","s":{"1":1,"2":0,"3":0,"4":0,"5":0,"6":0,"7":1,"8":1,"9":0,"10":0,"11":0,"12":0,"13":0},"b":{"1":[0,1],"2":[0,0],"3":[0,0],"4":[0,0]},"f":{"1":0,"2":0,"3":0},"fnMap":{"1":{"name":"(anonymous_1)","line":11,"loc":{"start":{"line":11,"column":30},"end":{"line":11,"column":47}}},"2":{"name":"NoopFunction","line":19,"loc":{"start":{"line":19,"column":8},"end":{"line":19,"column":32}}},"3":{"name":"boundFunction","line":21,"loc":{"start":{"line":21,"column":8},"end":{"line":21,"column":33}}}},"statementMap":{"1":{"start":{"line":10,"column":0},"end":{"line":32,"column":1}},"2":{"start":{"line":11,"column":4},"end":{"line":31,"column":6}},"3":{"start":{"line":12,"column":8},"end":{"line":14,"column":9}},"4":{"start":{"line":13,"column":12},"end":{"line":13,"column":104}},"5":{"start":{"line":16,"column":8},"end":{"line":16,"column":24}},"6":{"start":{"line":17,"column":8},"end":{"line":17,"column":61}},"7":{"start":{"line":19,"column":8},"end":{"line":19,"column":34}},"8":{"start":{"line":21,"column":8},"end":{"line":23,"column":9}},"9":{"start":{"line":22,"column":12},"end":{"line":22,"column":128}},"10":{"start":{"line":25,"column":8},"end":{"line":27,"column":9}},"11":{"start":{"line":26,"column":12},"end":{"line":26,"column":52}},"12":{"start":{"line":28,"column":8},"end":{"line":28,"column":53}},"13":{"start":{"line":30,"column":8},"end":{"line":30,"column":29}}},"branchMap":{"1":{"line":10,"type":"if","locations":[{"start":{"line":10,"column":0},"end":{"line":10,"column":0}},{"start":{"line":10,"column":0},"end":{"line":10,"column":0}}]},"2":{"line":12,"type":"if","locations":[{"start":{"line":12,"column":8},"end":{"line":12,"column":8}},{"start":{"line":12,"column":8},"end":{"line":12,"column":8}}]},"3":{"line":22,"type":"cond-expr","locations":[{"start":{"line":22,"column":61},"end":{"line":22,"column":65}},{"start":{"line":22,"column":68},"end":{"line":22,"column":73}}]},"4":{"line":25,"type":"if","locations":[{"start":{"line":25,"column":8},"end":{"line":25,"column":8}},{"start":{"line":25,"column":8},"end":{"line":25,"column":8}}]}},"code":["'use strict';","","/* eslint-disable no-extend-native, consistent-this, require-jsdoc, no-empty-function, no-invalid-this */","","/**"," * Ensure that Function has bind() method (PhantomJS version <= 1.9 support)"," * This is a Polyfill replacement from MDN."," * @see {@link https://developer.mozilla.org/en-US/docs/Web/JavaScript/Reference/Global_Objects/Function/bind#Polyfill}"," */","if (!Function.prototype.bind) {","    Function.prototype.bind = function (oThis) {","        if (typeof this !== 'function') {","            throw new TypeError('Function.prototype.bind - what is trying to be bound is not callable');","        }","","        var self = this;","        var aArgs = Array.prototype.slice.call(arguments, 1);","","        function NoopFunction() {}","","        function boundFunction() {","            return self.apply(this instanceof NoopFunction ? this : oThis, aArgs.concat(Array.prototype.slice.call(arguments)));","        }","","        if (this.prototype) {","            NoopFunction.prototype = this.prototype;","        }","        boundFunction.prototype = new NoopFunction();","","        return boundFunction;","    };","}","","/* eslint-enable no-extend-native, consistent-this, require-jsdoc, no-empty-function, no-invalid-this */"],"l":{"10":1,"11":0,"12":0,"13":0,"16":0,"17":0,"19":1,"21":1,"22":0,"25":0,"26":0,"28":0,"30":0}},"/home/travis/build/npmtest/node-npmtest-phantom/node_modules/phantom/lib/shim/index.js":{"path":"/home/travis/build/npmtest/node-npmtest-phantom/node_modules/phantom/lib/shim/index.js","s":{"1":2,"2":0,"3":0,"4":2,"5":0,"6":0,"7":0,"8":0,"9":1,"10":0,"11":0,"12":0,"13":0,"14":0,"15":0,"16":0,"17":0,"18":0,"19":0,"20":0,"21":0,"22":0,"23":0,"24":0,"25":0,"26":0,"27":0,"28":0,"29":0,"30":0,"31":0,"32":0,"33":0,"34":0,"35":0,"36":0,"37":0,"38":0,"39":0,"40":0,"41":0,"42":0,"43":0,"44":0,"45":0,"46":0,"47":0,"48":0,"49":0,"50":0,"51":0,"52":0,"53":0,"54":0,"55":0,"56":0,"57":0,"58":0,"59":0,"60":0,"61":0,"62":0,"63":0,"64":0,"65":1,"66":0,"67":0,"68":0,"69":0,"70":0,"71":0,"72":0,"73":0,"74":0,"75":0,"76":0,"77":0,"78":0,"79":0,"80":0,"81":0,"82":0,"83":0,"84":0,"85":0,"86":1,"87":0,"88":0,"89":0,"90":0,"91":0,"92":0,"93":0,"94":0,"95":0,"96":1,"97":0,"98":0,"99":0,"100":1,"101":0,"102":0,"103":0,"104":1,"105":0,"106":1,"107":0,"108":0,"109":0,"110":0,"111":0,"112":0,"113":1,"114":0,"115":1,"116":0,"117":0,"118":0,"119":0,"120":0,"121":1,"122":0,"123":0,"124":0,"125":1,"126":0,"127":0},"b":{"1":[2,0],"2":[2,2],"3":[0,0],"4":[0,0,0,0],"5":[0,0],"6":[0,0],"7":[0,0],"8":[0,0],"9":[0,0],"10":[0,0],"11":[0,0],"12":[0,0],"13":[0,0],"14":[0,0],"15":[0,0],"16":[0,0],"17":[0,0,0,0],"18":[0,0],"19":[0,0],"20":[0,0],"21":[0,0],"22":[0,0],"23":[0,0],"24":[0,0],"25":[0,0],"26":[0,0],"27":[0,0],"28":[0,0]},"f":{"1":0,"2":0,"3":0,"4":0,"5":0,"6":0,"7":0,"8":0,"9":0,"10":0,"11":0,"12":0,"13":0,"14":0,"15":0,"16":0,"17":0,"18":0,"19":0,"20":0,"21":0,"22":0,"23":0,"24":0,"25":0,"26":0,"27":0,"28":0,"29":0,"30":0,"31":0},"fnMap":{"1":{"name":"(anonymous_1)","line":3,"loc":{"start":{"line":3,"column":84},"end":{"line":3,"column":99}}},"2":{"name":"(anonymous_2)","line":3,"loc":{"start":{"line":3,"column":124},"end":{"line":3,"column":139}}},"3":{"name":"_interopRequireDefault","line":15,"loc":{"start":{"line":15,"column":0},"end":{"line":15,"column":37}}},"4":{"name":"createPage","line":31,"loc":{"start":{"line":31,"column":16},"end":{"line":31,"column":45}}},"5":{"name":"(anonymous_5)","line":35,"loc":{"start":{"line":35,"column":25},"end":{"line":35,"column":37}}},"6":{"name":"property","line":42,"loc":{"start":{"line":42,"column":14},"end":{"line":42,"column":41}}},"7":{"name":"(anonymous_7)","line":49,"loc":{"start":{"line":49,"column":65},"end":{"line":49,"column":77}}},"8":{"name":"setting","line":63,"loc":{"start":{"line":63,"column":13},"end":{"line":63,"column":39}}},"9":{"name":"windowProperty","line":73,"loc":{"start":{"line":73,"column":20},"end":{"line":73,"column":53}}},"10":{"name":"addEvent","line":82,"loc":{"start":{"line":82,"column":14},"end":{"line":82,"column":41}}},"11":{"name":"(anonymous_11)","line":89,"loc":{"start":{"line":89,"column":46},"end":{"line":89,"column":58}}},"12":{"name":"removeEvent","line":99,"loc":{"start":{"line":99,"column":17},"end":{"line":99,"column":47}}},"13":{"name":"noop","line":110,"loc":{"start":{"line":110,"column":10},"end":{"line":110,"column":33}}},"14":{"name":"invokeAsyncMethod","line":114,"loc":{"start":{"line":114,"column":23},"end":{"line":114,"column":59}}},"15":{"name":"(anonymous_15)","line":116,"loc":{"start":{"line":116,"column":79},"end":{"line":116,"column":97}}},"16":{"name":"invokeMethod","line":122,"loc":{"start":{"line":122,"column":18},"end":{"line":122,"column":49}}},"17":{"name":"defineMethod","line":129,"loc":{"start":{"line":129,"column":18},"end":{"line":129,"column":49}}},"18":{"name":"read","line":139,"loc":{"start":{"line":139,"column":0},"end":{"line":139,"column":16}}},"19":{"name":"(anonymous_19)","line":147,"loc":{"start":{"line":147,"column":39},"end":{"line":147,"column":61}}},"20":{"name":"transform","line":178,"loc":{"start":{"line":178,"column":0},"end":{"line":178,"column":27}}},"21":{"name":"syncOutObjects","line":198,"loc":{"start":{"line":198,"column":0},"end":{"line":198,"column":33}}},"22":{"name":"(anonymous_22)","line":199,"loc":{"start":{"line":199,"column":20},"end":{"line":199,"column":37}}},"23":{"name":"executeCommand","line":210,"loc":{"start":{"line":210,"column":0},"end":{"line":210,"column":33}}},"24":{"name":"isEventSupported","line":224,"loc":{"start":{"line":224,"column":0},"end":{"line":224,"column":43}}},"25":{"name":"getEventListeners","line":234,"loc":{"start":{"line":234,"column":0},"end":{"line":234,"column":46}}},"26":{"name":"getTargetType","line":257,"loc":{"start":{"line":257,"column":0},"end":{"line":257,"column":31}}},"27":{"name":"triggerEvent","line":267,"loc":{"start":{"line":267,"column":0},"end":{"line":267,"column":41}}},"28":{"name":"(anonymous_28)","line":271,"loc":{"start":{"line":271,"column":37},"end":{"line":271,"column":57}}},"29":{"name":"getOutsideListener","line":283,"loc":{"start":{"line":283,"column":0},"end":{"line":283,"column":49}}},"30":{"name":"(anonymous_30)","line":284,"loc":{"start":{"line":284,"column":11},"end":{"line":284,"column":23}}},"31":{"name":"completeCommand","line":294,"loc":{"start":{"line":294,"column":0},"end":{"line":294,"column":34}}}},"statementMap":{"1":{"start":{"line":3,"column":0},"end":{"line":3,"column":269}},"2":{"start":{"line":3,"column":101},"end":{"line":3,"column":119}},"3":{"start":{"line":3,"column":141},"end":{"line":3,"column":266}},"4":{"start":{"line":5,"column":0},"end":{"line":5,"column":34}},"5":{"start":{"line":7,"column":0},"end":{"line":7,"column":49}},"6":{"start":{"line":9,"column":0},"end":{"line":9,"column":32}},"7":{"start":{"line":11,"column":0},"end":{"line":11,"column":47}},"8":{"start":{"line":13,"column":0},"end":{"line":13,"column":39}},"9":{"start":{"line":15,"column":0},"end":{"line":15,"column":95}},"10":{"start":{"line":15,"column":39},"end":{"line":15,"column":93}},"11":{"start":{"line":20,"column":0},"end":{"line":22,"column":2}},"12":{"start":{"line":24,"column":0},"end":{"line":24,"column":16}},"13":{"start":{"line":25,"column":0},"end":{"line":25,"column":18}},"14":{"start":{"line":30,"column":0},"end":{"line":134,"column":2}},"15":{"start":{"line":32,"column":8},"end":{"line":32,"column":46}},"16":{"start":{"line":33,"column":8},"end":{"line":33,"column":49}},"17":{"start":{"line":35,"column":8},"end":{"line":37,"column":10}},"18":{"start":{"line":36,"column":12},"end":{"line":36,"column":60}},"19":{"start":{"line":39,"column":8},"end":{"line":39,"column":50}},"20":{"start":{"line":40,"column":8},"end":{"line":40,"column":33}},"21":{"start":{"line":43,"column":8},"end":{"line":59,"column":9}},"22":{"start":{"line":44,"column":12},"end":{"line":56,"column":13}},"23":{"start":{"line":46,"column":16},"end":{"line":46,"column":49}},"24":{"start":{"line":47,"column":16},"end":{"line":47,"column":51}},"25":{"start":{"line":48,"column":16},"end":{"line":48,"column":37}},"26":{"start":{"line":49,"column":16},"end":{"line":52,"column":18}},"27":{"start":{"line":50,"column":20},"end":{"line":50,"column":71}},"28":{"start":{"line":51,"column":20},"end":{"line":51,"column":79}},"29":{"start":{"line":55,"column":16},"end":{"line":55,"column":83}},"30":{"start":{"line":58,"column":12},"end":{"line":58,"column":78}},"31":{"start":{"line":61,"column":8},"end":{"line":61,"column":33}},"32":{"start":{"line":64,"column":8},"end":{"line":68,"column":9}},"33":{"start":{"line":65,"column":12},"end":{"line":65,"column":88}},"34":{"start":{"line":67,"column":12},"end":{"line":67,"column":87}},"35":{"start":{"line":70,"column":8},"end":{"line":70,"column":33}},"36":{"start":{"line":74,"column":8},"end":{"line":78,"column":9}},"37":{"start":{"line":75,"column":12},"end":{"line":75,"column":58}},"38":{"start":{"line":77,"column":12},"end":{"line":77,"column":57}},"39":{"start":{"line":79,"column":8},"end":{"line":79,"column":33}},"40":{"start":{"line":83,"column":8},"end":{"line":83,"column":49}},"41":{"start":{"line":85,"column":8},"end":{"line":94,"column":9}},"42":{"start":{"line":86,"column":12},"end":{"line":86,"column":86}},"43":{"start":{"line":88,"column":12},"end":{"line":93,"column":13}},"44":{"start":{"line":89,"column":16},"end":{"line":92,"column":19}},"45":{"start":{"line":90,"column":20},"end":{"line":90,"column":89}},"46":{"start":{"line":91,"column":20},"end":{"line":91,"column":94}},"47":{"start":{"line":96,"column":8},"end":{"line":96,"column":33}},"48":{"start":{"line":100,"column":8},"end":{"line":100,"column":49}},"49":{"start":{"line":102,"column":8},"end":{"line":105,"column":9}},"50":{"start":{"line":103,"column":12},"end":{"line":103,"column":66}},"51":{"start":{"line":104,"column":12},"end":{"line":104,"column":71}},"52":{"start":{"line":107,"column":8},"end":{"line":107,"column":33}},"53":{"start":{"line":111,"column":8},"end":{"line":111,"column":40}},"54":{"start":{"line":115,"column":8},"end":{"line":115,"column":49}},"55":{"start":{"line":116,"column":8},"end":{"line":119,"column":12}},"56":{"start":{"line":117,"column":12},"end":{"line":117,"column":38}},"57":{"start":{"line":118,"column":12},"end":{"line":118,"column":37}},"58":{"start":{"line":123,"column":8},"end":{"line":123,"column":49}},"59":{"start":{"line":124,"column":8},"end":{"line":124,"column":47}},"60":{"start":{"line":125,"column":8},"end":{"line":125,"column":73}},"61":{"start":{"line":126,"column":8},"end":{"line":126,"column":33}},"62":{"start":{"line":130,"column":8},"end":{"line":130,"column":49}},"63":{"start":{"line":131,"column":8},"end":{"line":131,"column":54}},"64":{"start":{"line":132,"column":8},"end":{"line":132,"column":33}},"65":{"start":{"line":139,"column":0},"end":{"line":172,"column":1}},"66":{"start":{"line":140,"column":4},"end":{"line":140,"column":49}},"67":{"start":{"line":141,"column":4},"end":{"line":171,"column":5}},"68":{"start":{"line":142,"column":8},"end":{"line":146,"column":9}},"69":{"start":{"line":143,"column":12},"end":{"line":143,"column":58}},"70":{"start":{"line":144,"column":12},"end":{"line":144,"column":34}},"71":{"start":{"line":145,"column":12},"end":{"line":145,"column":19}},"72":{"start":{"line":147,"column":8},"end":{"line":158,"column":11}},"73":{"start":{"line":148,"column":12},"end":{"line":156,"column":13}},"74":{"start":{"line":149,"column":16},"end":{"line":149,"column":55}},"75":{"start":{"line":150,"column":16},"end":{"line":150,"column":53}},"76":{"start":{"line":151,"column":16},"end":{"line":151,"column":55}},"77":{"start":{"line":152,"column":16},"end":{"line":152,"column":49}},"78":{"start":{"line":155,"column":16},"end":{"line":155,"column":110}},"79":{"start":{"line":157,"column":12},"end":{"line":157,"column":25}},"80":{"start":{"line":161,"column":8},"end":{"line":161,"column":34}},"81":{"start":{"line":163,"column":8},"end":{"line":170,"column":9}},"82":{"start":{"line":164,"column":12},"end":{"line":164,"column":36}},"83":{"start":{"line":166,"column":12},"end":{"line":166,"column":38}},"84":{"start":{"line":167,"column":12},"end":{"line":167,"column":37}},"85":{"start":{"line":169,"column":12},"end":{"line":169,"column":32}},"86":{"start":{"line":178,"column":0},"end":{"line":191,"column":1}},"87":{"start":{"line":179,"column":4},"end":{"line":190,"column":5}},"88":{"start":{"line":180,"column":8},"end":{"line":189,"column":9}},"89":{"start":{"line":181,"column":12},"end":{"line":181,"column":36}},"90":{"start":{"line":182,"column":12},"end":{"line":188,"column":13}},"91":{"start":{"line":183,"column":16},"end":{"line":183,"column":23}},"92":{"start":{"line":184,"column":19},"end":{"line":188,"column":13}},"93":{"start":{"line":185,"column":16},"end":{"line":185,"column":84}},"94":{"start":{"line":186,"column":19},"end":{"line":188,"column":13}},"95":{"start":{"line":187,"column":16},"end":{"line":187,"column":33}},"96":{"start":{"line":198,"column":0},"end":{"line":204,"column":1}},"97":{"start":{"line":199,"column":4},"end":{"line":203,"column":7}},"98":{"start":{"line":200,"column":8},"end":{"line":202,"column":9}},"99":{"start":{"line":201,"column":12},"end":{"line":201,"column":46}},"100":{"start":{"line":210,"column":0},"end":{"line":215,"column":1}},"101":{"start":{"line":211,"column":4},"end":{"line":213,"column":5}},"102":{"start":{"line":212,"column":8},"end":{"line":212,"column":47}},"103":{"start":{"line":214,"column":4},"end":{"line":214,"column":66}},"104":{"start":{"line":224,"column":0},"end":{"line":226,"column":1}},"105":{"start":{"line":225,"column":4},"end":{"line":225,"column":60}},"106":{"start":{"line":234,"column":0},"end":{"line":249,"column":1}},"107":{"start":{"line":235,"column":4},"end":{"line":237,"column":5}},"108":{"start":{"line":236,"column":8},"end":{"line":236,"column":28}},"109":{"start":{"line":239,"column":4},"end":{"line":246,"column":5}},"110":{"start":{"line":240,"column":8},"end":{"line":243,"column":10}},"111":{"start":{"line":245,"column":8},"end":{"line":245,"column":84}},"112":{"start":{"line":248,"column":4},"end":{"line":248,"column":37}},"113":{"start":{"line":257,"column":0},"end":{"line":259,"column":1}},"114":{"start":{"line":258,"column":4},"end":{"line":258,"column":43}},"115":{"start":{"line":267,"column":0},"end":{"line":274,"column":1}},"116":{"start":{"line":268,"column":4},"end":{"line":268,"column":43}},"117":{"start":{"line":269,"column":4},"end":{"line":269,"column":46}},"118":{"start":{"line":270,"column":4},"end":{"line":270,"column":48}},"119":{"start":{"line":271,"column":4},"end":{"line":273,"column":7}},"120":{"start":{"line":272,"column":8},"end":{"line":272,"column":50}},"121":{"start":{"line":283,"column":0},"end":{"line":288,"column":1}},"122":{"start":{"line":284,"column":4},"end":{"line":287,"column":6}},"123":{"start":{"line":285,"column":8},"end":{"line":285,"column":47}},"124":{"start":{"line":286,"column":8},"end":{"line":286,"column":121}},"125":{"start":{"line":294,"column":0},"end":{"line":296,"column":1}},"126":{"start":{"line":295,"column":4},"end":{"line":295,"column":69}},"127":{"start":{"line":298,"column":0},"end":{"line":298,"column":7}}},"branchMap":{"1":{"line":3,"type":"cond-expr","locations":[{"start":{"line":3,"column":84},"end":{"line":3,"column":121}},{"start":{"line":3,"column":124},"end":{"line":3,"column":268}}]},"2":{"line":3,"type":"binary-expr","locations":[{"start":{"line":3,"column":14},"end":{"line":3,"column":42}},{"start":{"line":3,"column":46},"end":{"line":3,"column":81}}]},"3":{"line":3,"type":"cond-expr","locations":[{"start":{"line":3,"column":244},"end":{"line":3,"column":252}},{"start":{"line":3,"column":255},"end":{"line":3,"column":265}}]},"4":{"line":3,"type":"binary-expr","locations":[{"start":{"line":3,"column":148},"end":{"line":3,"column":151}},{"start":{"line":3,"column":155},"end":{"line":3,"column":183}},{"start":{"line":3,"column":187},"end":{"line":3,"column":213}},{"start":{"line":3,"column":217},"end":{"line":3,"column":241}}]},"5":{"line":15,"type":"cond-expr","locations":[{"start":{"line":15,"column":70},"end":{"line":15,"column":73}},{"start":{"line":15,"column":76},"end":{"line":15,"column":92}}]},"6":{"line":15,"type":"binary-expr","locations":[{"start":{"line":15,"column":46},"end":{"line":15,"column":49}},{"start":{"line":15,"column":53},"end":{"line":15,"column":67}}]},"7":{"line":43,"type":"if","locations":[{"start":{"line":43,"column":8},"end":{"line":43,"column":8}},{"start":{"line":43,"column":8},"end":{"line":43,"column":8}}]},"8":{"line":44,"type":"if","locations":[{"start":{"line":44,"column":12},"end":{"line":44,"column":12}},{"start":{"line":44,"column":12},"end":{"line":44,"column":12}}]},"9":{"line":64,"type":"if","locations":[{"start":{"line":64,"column":8},"end":{"line":64,"column":8}},{"start":{"line":64,"column":8},"end":{"line":64,"column":8}}]},"10":{"line":74,"type":"if","locations":[{"start":{"line":74,"column":8},"end":{"line":74,"column":8}},{"start":{"line":74,"column":8},"end":{"line":74,"column":8}}]},"11":{"line":85,"type":"if","locations":[{"start":{"line":85,"column":8},"end":{"line":85,"column":8}},{"start":{"line":85,"column":8},"end":{"line":85,"column":8}}]},"12":{"line":88,"type":"if","locations":[{"start":{"line":88,"column":12},"end":{"line":88,"column":12}},{"start":{"line":88,"column":12},"end":{"line":88,"column":12}}]},"13":{"line":102,"type":"if","locations":[{"start":{"line":102,"column":8},"end":{"line":102,"column":8}},{"start":{"line":102,"column":8},"end":{"line":102,"column":8}}]},"14":{"line":141,"type":"if","locations":[{"start":{"line":141,"column":4},"end":{"line":141,"column":4}},{"start":{"line":141,"column":4},"end":{"line":141,"column":4}}]},"15":{"line":142,"type":"if","locations":[{"start":{"line":142,"column":8},"end":{"line":142,"column":8}},{"start":{"line":142,"column":8},"end":{"line":142,"column":8}}]},"16":{"line":148,"type":"if","locations":[{"start":{"line":148,"column":12},"end":{"line":148,"column":12}},{"start":{"line":148,"column":12},"end":{"line":148,"column":12}}]},"17":{"line":148,"type":"binary-expr","locations":[{"start":{"line":148,"column":16},"end":{"line":148,"column":21}},{"start":{"line":148,"column":25},"end":{"line":148,"column":50}},{"start":{"line":148,"column":54},"end":{"line":148,"column":87}},{"start":{"line":148,"column":91},"end":{"line":148,"column":128}}]},"18":{"line":180,"type":"if","locations":[{"start":{"line":180,"column":8},"end":{"line":180,"column":8}},{"start":{"line":180,"column":8},"end":{"line":180,"column":8}}]},"19":{"line":182,"type":"if","locations":[{"start":{"line":182,"column":12},"end":{"line":182,"column":12}},{"start":{"line":182,"column":12},"end":{"line":182,"column":12}}]},"20":{"line":182,"type":"binary-expr","locations":[{"start":{"line":182,"column":16},"end":{"line":182,"column":30}},{"start":{"line":182,"column":34},"end":{"line":182,"column":53}}]},"21":{"line":184,"type":"if","locations":[{"start":{"line":184,"column":19},"end":{"line":184,"column":19}},{"start":{"line":184,"column":19},"end":{"line":184,"column":19}}]},"22":{"line":186,"type":"if","locations":[{"start":{"line":186,"column":19},"end":{"line":186,"column":19}},{"start":{"line":186,"column":19},"end":{"line":186,"column":19}}]},"23":{"line":186,"type":"cond-expr","locations":[{"start":{"line":186,"column":55},"end":{"line":186,"column":66}},{"start":{"line":186,"column":69},"end":{"line":186,"column":83}}]},"24":{"line":200,"type":"if","locations":[{"start":{"line":200,"column":8},"end":{"line":200,"column":8}},{"start":{"line":200,"column":8},"end":{"line":200,"column":8}}]},"25":{"line":211,"type":"if","locations":[{"start":{"line":211,"column":4},"end":{"line":211,"column":4}},{"start":{"line":211,"column":4},"end":{"line":211,"column":4}}]},"26":{"line":225,"type":"binary-expr","locations":[{"start":{"line":225,"column":11},"end":{"line":225,"column":26}},{"start":{"line":225,"column":30},"end":{"line":225,"column":59}}]},"27":{"line":235,"type":"if","locations":[{"start":{"line":235,"column":4},"end":{"line":235,"column":4}},{"start":{"line":235,"column":4},"end":{"line":235,"column":4}}]},"28":{"line":239,"type":"if","locations":[{"start":{"line":239,"column":4},"end":{"line":239,"column":4}},{"start":{"line":239,"column":4},"end":{"line":239,"column":4}}]}},"code":["'use strict';","","var _typeof = typeof Symbol === \"function\" && typeof Symbol.iterator === \"symbol\" ? function (obj) { return typeof obj; } : function (obj) { return obj && typeof Symbol === \"function\" && obj.constructor === Symbol && obj !== Symbol.prototype ? \"symbol\" : typeof obj; };","","var _webpage = require('webpage');","","var _webpage2 = _interopRequireDefault(_webpage);","","var _system = require('system');","","var _system2 = _interopRequireDefault(_system);","","require('./function_bind_polyfill.js');","","function _interopRequireDefault(obj) { return obj && obj.__esModule ? obj : { default: obj }; }","","/**"," * Stores all all pages and single instance of phantom"," */","var objectSpace = {","    phantom: phantom","};","","var events = {};","var NOOP = 'NOOP';","","/**"," * All commands that have a custom implementation"," */","var commands = {","    createPage: function createPage(command) {","        var page = _webpage2.default.create();","        objectSpace['page$' + command.id] = page;","","        page.onClosing = function () {","            return delete objectSpace['page$' + command.id];","        };","","        command.response = { pageId: command.id };","        completeCommand(command);","    },","    property: function property(command) {","        if (command.params.length > 1) {","            if (typeof command.params[1] === 'function') {","                // If the second parameter is a function then we want to proxy and pass parameters too","                var callback = command.params[1];","                var args = command.params.slice(2);","                syncOutObjects(args);","                objectSpace[command.target][command.params[0]] = function () {","                    var params = [].slice.call(arguments).concat(args);","                    return callback.apply(objectSpace[command.target], params);","                };","            } else {","                // If the second parameter is not a function then just assign","                objectSpace[command.target][command.params[0]] = command.params[1];","            }","        } else {","            command.response = objectSpace[command.target][command.params[0]];","        }","","        completeCommand(command);","    },","    setting: function setting(command) {","        if (command.params.length === 2) {","            objectSpace[command.target].settings[command.params[0]] = command.params[1];","        } else {","            command.response = objectSpace[command.target].settings[command.params[0]];","        }","","        completeCommand(command);","    },","","    windowProperty: function windowProperty(command) {","        if (command.params.length === 2) {","            window[command.params[0]] = command.params[1];","        } else {","            command.response = window[command.params[0]];","        }","        completeCommand(command);","    },","","    addEvent: function addEvent(command) {","        var type = getTargetType(command.target);","","        if (isEventSupported(type, command.params[0].type)) {","            var listeners = getEventListeners(command.target, command.params[0].type);","","            if (typeof command.params[0].event === 'function') {","                listeners.otherListeners.push(function () {","                    var params = [].slice.call(arguments).concat(command.params[0].args);","                    return command.params[0].event.apply(objectSpace[command.target], params);","                });","            }","        }","","        completeCommand(command);","    },","","    removeEvent: function removeEvent(command) {","        var type = getTargetType(command.target);","","        if (isEventSupported(type, command.params[0].type)) {","            events[command.target][command.params[0].type] = null;","            objectSpace[command.target][command.params[0].type] = null;","        }","","        completeCommand(command);","    },","","    noop: function noop(command) {","        return completeCommand(command);","    },","","    invokeAsyncMethod: function invokeAsyncMethod(command) {","        var target = objectSpace[command.target];","        target[command.params[0]].apply(target, command.params.slice(1).concat(function (result) {","            command.response = result;","            completeCommand(command);","        }));","    },","","    invokeMethod: function invokeMethod(command) {","        var target = objectSpace[command.target];","        var method = target[command.params[0]];","        command.response = method.apply(target, command.params.slice(1));","        completeCommand(command);","    },","","    defineMethod: function defineMethod(command) {","        var target = objectSpace[command.target];","        target[command.params[0]] = command.params[1];","        completeCommand(command);","    }","};","","/**"," * Calls readLine() and blocks until a message is ready"," */","function read() {","    var line = _system2.default.stdin.readLine();","    if (line) {","        if (line === NOOP) {","            _system2.default.stdout.writeLine('>' + NOOP);","            setTimeout(read, 100);","            return;","        }","        var command = JSON.parse(line, function (key, value) {","            if (value && typeof value === 'string' && value.substr(0, 8) === 'function' && value.indexOf('[native code]') === -1) {","                var startBody = value.indexOf('{') + 1;","                var endBody = value.lastIndexOf('}');","                var startArgs = value.indexOf('(') + 1;","                var endArgs = value.indexOf(')');","","                // eslint-disable-next-line no-new-func","                return new Function(value.substring(startArgs, endArgs), value.substring(startBody, endBody));","            }","            return value;","        });","","        // Call here to look for transform key","        transform(command.params);","","        try {","            executeCommand(command);","        } catch (e) {","            command.error = e.message;","            completeCommand(command);","        } finally {","            setTimeout(read, 0);","        }","    }","}","","/**"," * Looks for transform key and uses objectSpace to call objects"," * @param object"," */","function transform(object) {","    for (var key in object) {","        if (object.hasOwnProperty(key)) {","            var child = object[key];","            if (child === null || child === undefined) {","                return;","            } else if (child.transform === true) {","                object[key] = objectSpace[child.parent][child.method](child.target);","            } else if ((typeof child === 'undefined' ? 'undefined' : _typeof(child)) === 'object') {","                transform(child);","            }","        }","    }","}","","/**"," * Sync all OutObjects present in the array"," *"," * @param objects"," */","function syncOutObjects(objects) {","    objects.forEach(function (param) {","        if (param.target !== undefined) {","            objectSpace[param.target] = param;","        }","    });","}","","/**"," * Executes a command."," * @param command the command to execute"," */","function executeCommand(command) {","    if (commands[command.name]) {","        return commands[command.name](command);","    }","    throw new Error('\\'' + command.name + '\\' isn\\'t a command.');","}","","/**"," * Verifies if an event is supported for a type of target"," *"," * @param type"," * @param eventName"," * @returns {boolean}"," */","function isEventSupported(type, eventName) {","    return type === 'page' && eventName.indexOf('on') === 0;","}","","/**"," * Gets an object containing all the listeners for an event of a target"," *"," * @param target the target id"," * @param eventName the event name"," */","function getEventListeners(target, eventName) {","    if (!events[target]) {","        events[target] = {};","    }","","    if (!events[target][eventName]) {","        events[target][eventName] = {","            outsideListener: getOutsideListener(eventName, target),","            otherListeners: []","        };","","        objectSpace[target][eventName] = triggerEvent.bind(null, target, eventName);","    }","","    return events[target][eventName];","}","","/**"," * Determines a targets type using its id"," *"," * @param target"," * @returns {*}"," */","function getTargetType(target) {","    return target.toString().split('$')[0];","}","","/**"," * Executes all the listeners for an event from a target"," *"," * @param target"," * @param eventName"," */","function triggerEvent(target, eventName) {","    var args = [].slice.call(arguments, 2);","    var listeners = events[target][eventName];","    listeners.outsideListener.apply(null, args);","    listeners.otherListeners.forEach(function (listener) {","        listener.apply(objectSpace[target], args);","    });","}","","/**"," * Returns a function that will notify to node that an event have been triggered"," *"," * @param eventName"," * @param targetId"," * @returns {Function}"," */","function getOutsideListener(eventName, targetId) {","    return function () {","        var args = [].slice.call(arguments, 0);","        _system2.default.stdout.writeLine('<event>' + JSON.stringify({ target: targetId, type: eventName, args: args }));","    };","}","","/**"," * Completes a command by return a response to node and listening again for next command."," * @param command"," */","function completeCommand(command) {","    _system2.default.stdout.writeLine('>' + JSON.stringify(command));","}","","read();"],"l":{"3":2,"5":2,"7":0,"9":0,"11":0,"13":0,"15":1,"20":0,"24":0,"25":0,"30":0,"32":0,"33":0,"35":0,"36":0,"39":0,"40":0,"43":0,"44":0,"46":0,"47":0,"48":0,"49":0,"50":0,"51":0,"55":0,"58":0,"61":0,"64":0,"65":0,"67":0,"70":0,"74":0,"75":0,"77":0,"79":0,"83":0,"85":0,"86":0,"88":0,"89":0,"90":0,"91":0,"96":0,"100":0,"102":0,"103":0,"104":0,"107":0,"111":0,"115":0,"116":0,"117":0,"118":0,"123":0,"124":0,"125":0,"126":0,"130":0,"131":0,"132":0,"139":1,"140":0,"141":0,"142":0,"143":0,"144":0,"145":0,"147":0,"148":0,"149":0,"150":0,"151":0,"152":0,"155":0,"157":0,"161":0,"163":0,"164":0,"166":0,"167":0,"169":0,"178":1,"179":0,"180":0,"181":0,"182":0,"183":0,"184":0,"185":0,"186":0,"187":0,"198":1,"199":0,"200":0,"201":0,"210":1,"211":0,"212":0,"214":0,"224":1,"225":0,"234":1,"235":0,"236":0,"239":0,"240":0,"245":0,"248":0,"257":1,"258":0,"267":1,"268":0,"269":0,"270":0,"271":0,"272":0,"283":1,"284":0,"285":0,"286":0,"294":1,"295":0,"298":0}}}